#
# A fatal error has been detected by the Java Runtime Environment:
#
#  EXCEPTION_ACCESS_VIOLATION (0xc0000005) at pc=0x74490d94, pid=15632, tid=13044
#
# JRE version: OpenJDK Runtime Environment (8.0_40-b25) (build 1.8.0_40-b25)
# Java VM: OpenJDK Client VM (25.40-b25 mixed mode windows-x86 )
# Problematic frame:
# C  [combase.dll+0xd0d94]
#
# Failed to write core dump. Minidumps are not enabled by default on client versions of Windows
#
# If you would like to submit a bug report, please visit:
#   http://bugreport.java.com/bugreport/crash.jsp
# The crash happened outside the Java Virtual Machine in native code.
# See problematic frame for where to report the bug.
#

---------------  T H R E A D  ---------------

Current thread (0x160f0400):  JavaThread "grpc-default-executor-4" daemon [_thread_in_native, id=13044, stack(0x011c0000,0x01210000)]

siginfo: ExceptionCode=0xc0000005, reading address 0x00000004

Registers:
EAX=0x013ff300, EBX=0x00000000, ECX=0x00000000, EDX=0x00000000
ESP=0x0120e658, EBP=0x0120ec98, ESI=0x0120ece8, EDI=0x01442b38
EIP=0x74490d94, EFLAGS=0x00010246

Top of Stack: (sp=0x0120e658)
0x0120e658:   0120edd4 74492c00 0120ece8 01450d30
0x0120e668:   00000d30 00000000 0120ece8 0146ad68
0x0120e678:   00000000 01442b38 00000000 013ff310
0x0120e688:   00000001 18eee218 0146ad68 80004005
0x0120e698:   00000000 013ff310 00000000 013ff310
0x0120e6a8:   00000000 0146ad00 003a0043 0077005c
0x0120e6b8:   00000000 006f0064 00730077 0053005c
0x0120e6c8:   00730079 00000000 00360077 005c0034 

Instructions: (pc=0x74490d94)
0x74490d74:   81 e1 00 00 80 00 89 5e 14 89 4c 24 48 81 e2 00
0x74490d84:   00 20 00 8b 4f 44 89 4e 18 f7 46 28 00 80 00 00
0x74490d94:   8b 41 04 89 84 24 38 01 00 00 8b 41 08 89 84 24
0x74490da4:   3c 01 00 00 8b 41 0c 89 84 24 40 01 00 00 8b 41 


Register to memory mapping:

EAX=0x013ff300 is an unknown value
EBX=0x00000000 is an unknown value
ECX=0x00000000 is an unknown value
EDX=0x00000000 is an unknown value
ESP=0x0120e658 is pointing into the stack for thread: 0x160f0400
EBP=0x0120ec98 is pointing into the stack for thread: 0x160f0400
ESI=0x0120ece8 is pointing into the stack for thread: 0x160f0400
EDI=0x01442b38 is an unknown value


Stack: [0x011c0000,0x01210000],  sp=0x0120e658,  free space=313k
Native frames: (J=compiled Java code, j=interpreted, Vv=VM code, C=native code)
C  [combase.dll+0xd0d94]
C  [combase.dll+0x110809]
C  [RPCRT4.dll+0x5477]
C  [combase.dll+0x143ad0]
C  [combase.dll+0x13ba6f]
C  [JCustomOpc.dll+0x5729d]
C  [JCustomOpc.dll+0x641a8]
C  [JCustomOpc.dll+0x6615f]
j  javafish.clients.opc.JOpc.registerGroupNative(Ljavafish/clients/opc/component/OpcGroup;)V+0
j  javafish.clients.opc.JOpc.registerGroup(Ljavafish/clients/opc/component/OpcGroup;)V+7
j  main.java.com.scm.resources.getAllInfo.getTag(Ljava/lang/String;Ljava/lang/String;)Lorg/json/simple/JSONObject;+66
j  main.java.com.scm.grpc.MessageHandlerImpl.getTag(Lcom/scm/resources/TagRequest;Lio/grpc/stub/StreamObserver;)V+18
j  com.scm.resources.MessageHandlerGrpc$MethodHandlers.invoke(Ljava/lang/Object;Lio/grpc/stub/StreamObserver;)V+102
j  io.grpc.stub.ServerCalls$UnaryServerCallHandler$UnaryServerCallListener.onHalfClose()V+53
j  io.grpc.internal.ServerCallImpl$ServerStreamListenerImpl.halfClosed()V+15
j  io.grpc.internal.ServerImpl$JumpToApplicationThreadServerStreamListener$1HalfClosed.runInContext()V+7
j  io.grpc.internal.ContextRunnable.run()V+9
j  io.grpc.internal.SerializingExecutor.run()V+18
j  java.util.concurrent.ThreadPoolExecutor.runWorker(Ljava/util/concurrent/ThreadPoolExecutor$Worker;)V+95
j  java.util.concurrent.ThreadPoolExecutor$Worker.run()V+5
j  java.lang.Thread.run()V+11
v  ~StubRoutines::call_stub
V  [jvm.dll+0x139325]
V  [jvm.dll+0x1f65fe]
V  [jvm.dll+0x1393be]
V  [jvm.dll+0x139546]
V  [jvm.dll+0x1395b7]
V  [jvm.dll+0xdf83f]
V  [jvm.dll+0x15bf4c]
V  [jvm.dll+0x15c02b]
V  [jvm.dll+0x19a956]
C  [msvcr100.dll+0x5c556]
C  [msvcr100.dll+0x5c600]
C  [KERNEL32.DLL+0x18484]
C  [ntdll.dll+0x641c8]
C  [ntdll.dll+0x64198]
C  0x00000000

Java frames: (J=compiled Java code, j=interpreted, Vv=VM code)
j  javafish.clients.opc.JOpc.registerGroupNative(Ljavafish/clients/opc/component/OpcGroup;)V+0
j  javafish.clients.opc.JOpc.registerGroup(Ljavafish/clients/opc/component/OpcGroup;)V+7
j  main.java.com.scm.resources.getAllInfo.getTag(Ljava/lang/String;Ljava/lang/String;)Lorg/json/simple/JSONObject;+66
j  main.java.com.scm.grpc.MessageHandlerImpl.getTag(Lcom/scm/resources/TagRequest;Lio/grpc/stub/StreamObserver;)V+18
j  com.scm.resources.MessageHandlerGrpc$MethodHandlers.invoke(Ljava/lang/Object;Lio/grpc/stub/StreamObserver;)V+102
j  io.grpc.stub.ServerCalls$UnaryServerCallHandler$UnaryServerCallListener.onHalfClose()V+53
j  io.grpc.internal.ServerCallImpl$ServerStreamListenerImpl.halfClosed()V+15
j  io.grpc.internal.ServerImpl$JumpToApplicationThreadServerStreamListener$1HalfClosed.runInContext()V+7
j  io.grpc.internal.ContextRunnable.run()V+9
j  io.grpc.internal.SerializingExecutor.run()V+18
j  java.util.concurrent.ThreadPoolExecutor.runWorker(Ljava/util/concurrent/ThreadPoolExecutor$Worker;)V+95
j  java.util.concurrent.ThreadPoolExecutor$Worker.run()V+5
j  java.lang.Thread.run()V+11
v  ~StubRoutines::call_stub

---------------  P R O C E S S  ---------------

Java Threads: ( => current thread )
  0x15f0d400 JavaThread "grpc-default-worker-ELG-3-4" daemon [_thread_in_native, id=14348, stack(0x17b10000,0x17b60000)]
=>0x160f0400 JavaThread "grpc-default-executor-4" daemon [_thread_in_native, id=13044, stack(0x011c0000,0x01210000)]
  0x15756400 JavaThread "grpc-default-worker-ELG-3-3" daemon [_thread_in_native, id=19444, stack(0x01130000,0x01180000)]
  0x1609c800 JavaThread "grpc-default-worker-ELG-3-2" daemon [_thread_in_native, id=18060, stack(0x01260000,0x012b0000)]
  0x15ffb400 JavaThread "grpc-default-worker-ELG-3-1" daemon [_thread_in_native, id=15180, stack(0x16970000,0x169c0000)]
  0x15ffa800 JavaThread "grpc-default-boss-ELG-1-1" daemon [_thread_in_native, id=3288, stack(0x15e50000,0x15ea0000)]
  0x156aac00 JavaThread "Service Thread" daemon [_thread_blocked, id=10288, stack(0x15b30000,0x15b80000)]
  0x1569b400 JavaThread "C1 CompilerThread0" daemon [_thread_blocked, id=2000, stack(0x15aa0000,0x15af0000)]
  0x15699c00 JavaThread "Attach Listener" daemon [_thread_blocked, id=4136, stack(0x15a10000,0x15a60000)]
  0x15698c00 JavaThread "Signal Dispatcher" daemon [_thread_blocked, id=18040, stack(0x15980000,0x159d0000)]
  0x15661c00 JavaThread "Finalizer" daemon [_thread_blocked, id=3476, stack(0x158f0000,0x15940000)]
  0x02f9e400 JavaThread "Reference Handler" daemon [_thread_blocked, id=14960, stack(0x15860000,0x158b0000)]
  0x013dd400 JavaThread "main" [_thread_blocked, id=4704, stack(0x02e10000,0x02e60000)]

Other Threads:
  0x02f9bc00 VMThread [stack: 0x05150000,0x051a0000] [id=18084]
  0x156b4400 WatcherThread [stack: 0x15bc0000,0x15c10000] [id=10104]

VM state:not at safepoint (normal execution)

VM Mutex/Monitor currently owned by a thread: None

Heap:
 def new generation   total 4928K, used 1091K [0x05200000, 0x05750000, 0x0a750000)
  eden space 4416K,  13% used [0x05200000, 0x05290cb0, 0x05650000)
  from space 512K, 100% used [0x056d0000, 0x05750000, 0x05750000)
  to   space 512K,   0% used [0x05650000, 0x05650000, 0x056d0000)
 tenured generation   total 10944K, used 8320K [0x0a750000, 0x0b200000, 0x15200000)
   the space 10944K,  76% used [0x0a750000, 0x0af70140, 0x0af70200, 0x0b200000)
 Metaspace       used 8982K, capacity 9124K, committed 9216K, reserved 9600K

Card table byte_map: [0x05020000,0x050b0000] byte_map_base: 0x04ff7000

Polling page: 0x01370000

CodeCache: size=32768Kb used=1081Kb max_used=1081Kb free=31686Kb
 bounds [0x02fa0000, 0x030b0000, 0x04fa0000]
 total_blobs=551 nmethods=380 adapters=103
 compilation: enabled

Compilation events (10 events):
Event: 333.571 Thread 0x1569b400  376             io.netty.util.internal.PlatformDependent0::getByte (8 bytes)
Event: 333.571 Thread 0x1569b400 nmethod 376 0x030ad888 code [0x030ad980, 0x030ada00]
Event: 333.571 Thread 0x1569b400  377             io.netty.buffer.PooledUnsafeDirectByteBuf::_getByte (9 bytes)
Event: 333.571 Thread 0x1569b400 nmethod 377 0x030ada48 code [0x030adb40, 0x030adbc0]
Event: 333.571 Thread 0x1569b400  378             io.netty.buffer.UnsafeByteBufUtil::getByte (5 bytes)
Event: 333.571 Thread 0x1569b400 nmethod 378 0x030adc08 code [0x030add00, 0x030add80]
Event: 333.571 Thread 0x1569b400  379             org.apache.log4j.helpers.PatternParser$LiteralPatternConverter::format (10 bytes)
Event: 333.571 Thread 0x1569b400 nmethod 379 0x030addc8 code [0x030aded0, 0x030ae0ec]
Event: 333.572 Thread 0x1569b400  380             java.nio.Buffer::position (43 bytes)
Event: 333.572 Thread 0x1569b400 nmethod 380 0x030ae1c8 code [0x030ae2d0, 0x030ae3dc]

GC Heap History (10 events):
Event: 0.490 GC heap before
{Heap before GC invocations=2 (full 0):
 def new generation   total 4928K, used 4928K [0x05200000, 0x05750000, 0x0a750000)
  eden space 4416K, 100% used [0x05200000, 0x05650000, 0x05650000)
  from space 512K, 100% used [0x05650000, 0x056d0000, 0x056d0000)
  to   space 512K,   0% used [0x056d0000, 0x056d0000, 0x05750000)
 tenured generation   total 10944K, used 2032K [0x0a750000, 0x0b200000, 0x15200000)
   the space 10944K,  18% used [0x0a750000, 0x0a94c308, 0x0a94c400, 0x0b200000)
 Metaspace       used 5664K, capacity 5783K, committed 5888K, reserved 6528K
Event: 0.493 GC heap after
Heap after GC invocations=3 (full 0):
 def new generation   total 4928K, used 512K [0x05200000, 0x05750000, 0x0a750000)
  eden space 4416K,   0% used [0x05200000, 0x05200000, 0x05650000)
  from space 512K, 100% used [0x056d0000, 0x05750000, 0x05750000)
  to   space 512K,   0% used [0x05650000, 0x05650000, 0x056d0000)
 tenured generation   total 10944K, used 2892K [0x0a750000, 0x0b200000, 0x15200000)
   the space 10944K,  26% used [0x0a750000, 0x0aa231d8, 0x0aa23200, 0x0b200000)
 Metaspace       used 5664K, capacity 5783K, committed 5888K, reserved 6528K
}
Event: 0.920 GC heap before
{Heap before GC invocations=3 (full 0):
 def new generation   total 4928K, used 4928K [0x05200000, 0x05750000, 0x0a750000)
  eden space 4416K, 100% used [0x05200000, 0x05650000, 0x05650000)
  from space 512K, 100% used [0x056d0000, 0x05750000, 0x05750000)
  to   space 512K,   0% used [0x05650000, 0x05650000, 0x056d0000)
 tenured generation   total 10944K, used 2892K [0x0a750000, 0x0b200000, 0x15200000)
   the space 10944K,  26% used [0x0a750000, 0x0aa231d8, 0x0aa23200, 0x0b200000)
 Metaspace       used 6846K, capacity 7009K, committed 7040K, reserved 7552K
Event: 0.922 GC heap after
Heap after GC invocations=4 (full 0):
 def new generation   total 4928K, used 512K [0x05200000, 0x05750000, 0x0a750000)
  eden space 4416K,   0% used [0x05200000, 0x05200000, 0x05650000)
  from space 512K, 100% used [0x05650000, 0x056d0000, 0x056d0000)
  to   space 512K,   0% used [0x056d0000, 0x056d0000, 0x05750000)
 tenured generation   total 10944K, used 4290K [0x0a750000, 0x0b200000, 0x15200000)
   the space 10944K,  39% used [0x0a750000, 0x0ab808c8, 0x0ab80a00, 0x0b200000)
 Metaspace       used 6846K, capacity 7009K, committed 7040K, reserved 7552K
}
Event: 16.046 GC heap before
{Heap before GC invocations=4 (full 0):
 def new generation   total 4928K, used 4928K [0x05200000, 0x05750000, 0x0a750000)
  eden space 4416K, 100% used [0x05200000, 0x05650000, 0x05650000)
  from space 512K, 100% used [0x05650000, 0x056d0000, 0x056d0000)
  to   space 512K,   0% used [0x056d0000, 0x056d0000, 0x05750000)
 tenured generation   total 10944K, used 4290K [0x0a750000, 0x0b200000, 0x15200000)
   the space 10944K,  39% used [0x0a750000, 0x0ab808c8, 0x0ab80a00, 0x0b200000)
 Metaspace       used 7754K, capacity 7905K, committed 7936K, reserved 8576K
Event: 16.048 GC heap after
Heap after GC invocations=5 (full 0):
 def new generation   total 4928K, used 511K [0x05200000, 0x05750000, 0x0a750000)
  eden space 4416K,   0% used [0x05200000, 0x05200000, 0x05650000)
  from space 512K,  99% used [0x056d0000, 0x0574fff8, 0x05750000)
  to   space 512K,   0% used [0x05650000, 0x05650000, 0x056d0000)
 tenured generation   total 10944K, used 5446K [0x0a750000, 0x0b200000, 0x15200000)
   the space 10944K,  49% used [0x0a750000, 0x0aca1ab8, 0x0aca1c00, 0x0b200000)
 Metaspace       used 7754K, capacity 7905K, committed 7936K, reserved 8576K
}
Event: 16.244 GC heap before
{Heap before GC invocations=5 (full 0):
 def new generation   total 4928K, used 4920K [0x05200000, 0x05750000, 0x0a750000)
  eden space 4416K,  99% used [0x05200000, 0x0564e260, 0x05650000)
  from space 512K,  99% used [0x056d0000, 0x0574fff8, 0x05750000)
  to   space 512K,   0% used [0x05650000, 0x05650000, 0x056d0000)
 tenured generation   total 10944K, used 5446K [0x0a750000, 0x0b200000, 0x15200000)
   the space 10944K,  49% used [0x0a750000, 0x0aca1ab8, 0x0aca1c00, 0x0b200000)
 Metaspace       used 8383K, capacity 8513K, committed 8576K, reserved 8576K
Event: 16.245 GC heap after
Heap after GC invocations=6 (full 0):
 def new generation   total 4928K, used 512K [0x05200000, 0x05750000, 0x0a750000)
  eden space 4416K,   0% used [0x05200000, 0x05200000, 0x05650000)
  from space 512K, 100% used [0x05650000, 0x056d0000, 0x056d0000)
  to   space 512K,   0% used [0x056d0000, 0x056d0000, 0x05750000)
 tenured generation   total 10944K, used 6440K [0x0a750000, 0x0b200000, 0x15200000)
   the space 10944K,  58% used [0x0a750000, 0x0ad9a0c0, 0x0ad9a200, 0x0b200000)
 Metaspace       used 8383K, capacity 8513K, committed 8576K, reserved 8576K
}
Event: 318.022 GC heap before
{Heap before GC invocations=6 (full 0):
 def new generation   total 4928K, used 4928K [0x05200000, 0x05750000, 0x0a750000)
  eden space 4416K, 100% used [0x05200000, 0x05650000, 0x05650000)
  from space 512K, 100% used [0x05650000, 0x056d0000, 0x056d0000)
  to   space 512K,   0% used [0x056d0000, 0x056d0000, 0x05750000)
 tenured generation   total 10944K, used 6440K [0x0a750000, 0x0b200000, 0x15200000)
   the space 10944K,  58% used [0x0a750000, 0x0ad9a0c0, 0x0ad9a200, 0x0b200000)
 Metaspace       used 8969K, capacity 9124K, committed 9216K, reserved 9600K
Event: 318.026 GC heap after
Heap after GC invocations=7 (full 0):
 def new generation   total 4928K, used 512K [0x05200000, 0x05750000, 0x0a750000)
  eden space 4416K,   0% used [0x05200000, 0x05200000, 0x05650000)
  from space 512K, 100% used [0x056d0000, 0x05750000, 0x05750000)
  to   space 512K,   0% used [0x05650000, 0x05650000, 0x056d0000)
 tenured generation   total 10944K, used 8320K [0x0a750000, 0x0b200000, 0x15200000)
   the space 10944K,  76% used [0x0a750000, 0x0af70140, 0x0af70200, 0x0b200000)
 Metaspace       used 8969K, capacity 9124K, committed 9216K, reserved 9600K
}

Deoptimization events (0 events):
No events

Internal exceptions (10 events):
Event: 0.317 Thread 0x013dd400 Exception <a 'java/lang/ClassNotFoundException': org/apache/log4j/WriterAppenderCustomizer> (0x052cc150) thrown at [C:\re\workspace\8-2-build-owindows-i586-cygwin\jdk8u40\2855\hotspot\src\share\vm\classfile\systemDictionary.cpp, line 210]
Event: 0.318 Thread 0x013dd400 Exception <a 'java/lang/ClassNotFoundException': org/apache/log4j/FileAppenderCustomizer> (0x052d9a98) thrown at [C:\re\workspace\8-2-build-owindows-i586-cygwin\jdk8u40\2855\hotspot\src\share\vm\classfile\systemDictionary.cpp, line 210]
Event: 0.379 Thread 0x013dd400 Exception <a 'java/lang/NoClassDefFoundError': org/slf4j/LoggerFactory> (0x052aa2e8) thrown at [C:\re\workspace\8-2-build-owindows-i586-cygwin\jdk8u40\2855\hotspot\src\share\vm\classfile\systemDictionary.cpp, line 199]
Event: 0.481 Thread 0x013dd400 Exception <a 'java/lang/NoSuchFieldError': method resolution failed> (0x055e2338) thrown at [C:\re\workspace\8-2-build-owindows-i586-cygwin\jdk8u40\2855\hotspot\src\share\vm\prims\methodHandles.cpp, line 1125]
Event: 0.482 Thread 0x013dd400 Exception <a 'java/lang/NoSuchFieldError': method resolution failed> (0x055ef798) thrown at [C:\re\workspace\8-2-build-owindows-i586-cygwin\jdk8u40\2855\hotspot\src\share\vm\prims\methodHandles.cpp, line 1125]
Event: 53.053 Thread 0x15756400 Exception <a 'java/io/FileNotFoundException'> (0x053a9890) thrown at [C:\re\workspace\8-2-build-owindows-i586-cygwin\jdk8u40\2855\hotspot\src\share\vm\prims\jni.cpp, line 709]
Event: 209.607 Thread 0x15756400 Exception <a 'javafish/clients/opc/exception/ConnectivityException': Connection fails to OPC Server.> (0x05572870) thrown at [C:\re\workspace\8-2-build-owindows-i586-cygwin\jdk8u40\2855\hotspot\src\share\vm\prims\jni.cpp, line 735]
Event: 317.964 Thread 0x160f0400 Exception <a 'javafish/clients/opc/exception/ConnectivityException': Connection fails to OPC Server.> (0x056368f0) thrown at [C:\re\workspace\8-2-build-owindows-i586-cygwin\jdk8u40\2855\hotspot\src\share\vm\prims\jni.cpp, line 735]
Event: 318.369 Thread 0x15756400 Exception <a 'java/io/IOException'> (0x05202450) thrown at [C:\re\workspace\8-2-build-owindows-i586-cygwin\jdk8u40\2855\hotspot\src\share\vm\prims\jni.cpp, line 709]
Event: 318.371 Thread 0x15756400 Exception <a 'java/io/IOException'> (0x052137b8) thrown at [C:\re\workspace\8-2-build-owindows-i586-cygwin\jdk8u40\2855\hotspot\src\share\vm\prims\jni.cpp, line 709]

Events (10 events):
Event: 333.518 Executing VM operation: RevokeBias
Event: 333.518 Executing VM operation: RevokeBias done
Event: 333.518 Executing VM operation: RevokeBias
Event: 333.518 Executing VM operation: RevokeBias done
Event: 333.520 Executing VM operation: RevokeBias
Event: 333.520 Executing VM operation: RevokeBias done
Event: 333.573 Executing VM operation: RevokeBias
Event: 333.573 Executing VM operation: RevokeBias done
Event: 333.574 Executing VM operation: RevokeBias
Event: 333.574 Executing VM operation: RevokeBias done


Dynamic libraries:
0x009f0000 - 0x00a21000 	C:\Users\VRMILLING\Downloads\jdk_ri-8u40-b25-windows-i586-10_feb_2015\java-se-8u40-ri\bin\java.exe
0x77a60000 - 0x77bf0000 	C:\WINDOWS\SYSTEM32\ntdll.dll
0x74ba0000 - 0x74c80000 	C:\WINDOWS\System32\KERNEL32.DLL
0x76fd0000 - 0x771b4000 	C:\WINDOWS\System32\KERNELBASE.dll
0x707e0000 - 0x7087d000 	C:\WINDOWS\SYSTEM32\apphelp.dll
0x74340000 - 0x743b8000 	C:\WINDOWS\System32\ADVAPI32.dll
0x74620000 - 0x746df000 	C:\WINDOWS\System32\msvcrt.dll
0x74a40000 - 0x74a84000 	C:\WINDOWS\System32\sechost.dll
0x76940000 - 0x76a00000 	C:\WINDOWS\System32\RPCRT4.dll
0x74320000 - 0x74340000 	C:\WINDOWS\System32\SspiCli.dll
0x74310000 - 0x7431a000 	C:\WINDOWS\System32\CRYPTBASE.dll
0x77590000 - 0x775e8000 	C:\WINDOWS\System32\bcryptPrimitives.dll
0x76590000 - 0x7671d000 	C:\WINDOWS\System32\USER32.dll
0x74aa0000 - 0x74ab7000 	C:\WINDOWS\System32\win32u.dll
0x74860000 - 0x74882000 	C:\WINDOWS\System32\GDI32.dll
0x77280000 - 0x773e4000 	C:\WINDOWS\System32\gdi32full.dll
0x747e0000 - 0x7485d000 	C:\WINDOWS\System32\msvcp_win.dll
0x77790000 - 0x778ad000 	C:\WINDOWS\System32\ucrtbase.dll
0x6ff80000 - 0x70184000 	C:\WINDOWS\WinSxS\x86_microsoft.windows.common-controls_6595b64144ccf1df_6.0.17134.619_none_42f3d87644dde83c\COMCTL32.dll
0x743c0000 - 0x7461c000 	C:\WINDOWS\System32\combase.dll
0x749a0000 - 0x749c6000 	C:\WINDOWS\System32\IMM32.DLL
0x654c0000 - 0x6557f000 	C:\Users\VRMILLING\Downloads\jdk_ri-8u40-b25-windows-i586-10_feb_2015\java-se-8u40-ri\jre\bin\msvcr100.dll
0x60080000 - 0x60402000 	C:\Users\VRMILLING\Downloads\jdk_ri-8u40-b25-windows-i586-10_feb_2015\java-se-8u40-ri\jre\bin\client\jvm.dll
0x76930000 - 0x76936000 	C:\WINDOWS\System32\PSAPI.DLL
0x729b0000 - 0x729b8000 	C:\WINDOWS\SYSTEM32\WSOCK32.dll
0x73c20000 - 0x73c28000 	C:\WINDOWS\SYSTEM32\VERSION.dll
0x76a00000 - 0x76a67000 	C:\WINDOWS\System32\WS2_32.dll
0x6f200000 - 0x6f224000 	C:\WINDOWS\SYSTEM32\WINMM.dll
0x6ed10000 - 0x6ed33000 	C:\WINDOWS\SYSTEM32\winmmbase.dll
0x76f90000 - 0x76fc9000 	C:\WINDOWS\System32\cfgmgr32.dll
0x671a0000 - 0x671ac000 	C:\Users\VRMILLING\Downloads\jdk_ri-8u40-b25-windows-i586-10_feb_2015\java-se-8u40-ri\jre\bin\verify.dll
0x65d00000 - 0x65d21000 	C:\Users\VRMILLING\Downloads\jdk_ri-8u40-b25-windows-i586-10_feb_2015\java-se-8u40-ri\jre\bin\java.dll
0x65ce0000 - 0x65cf3000 	C:\Users\VRMILLING\Downloads\jdk_ri-8u40-b25-windows-i586-10_feb_2015\java-se-8u40-ri\jre\bin\zip.dll
0x74c80000 - 0x75fca000 	C:\WINDOWS\System32\SHELL32.dll
0x76720000 - 0x767a8000 	C:\WINDOWS\System32\shcore.dll
0x75fd0000 - 0x7658a000 	C:\WINDOWS\System32\windows.storage.dll
0x77540000 - 0x77585000 	C:\WINDOWS\System32\shlwapi.dll
0x74a90000 - 0x74a9f000 	C:\WINDOWS\System32\kernel.appcore.dll
0x74970000 - 0x74988000 	C:\WINDOWS\System32\profapi.dll
0x76a70000 - 0x76ab5000 	C:\WINDOWS\System32\powrprof.dll
0x74990000 - 0x74998000 	C:\WINDOWS\System32\FLTLIB.DLL
0x65cc0000 - 0x65cd5000 	C:\Users\VRMILLING\Downloads\jdk_ri-8u40-b25-windows-i586-10_feb_2015\java-se-8u40-ri\jre\bin\net.dll
0x70780000 - 0x707d6000 	C:\WINDOWS\system32\mswsock.dll
0x00400000 - 0x0047c000 	C:\Users\VRMILLING\Documents\02_MDP_Students\serafina\gRPC\target\lib\JCustomOpc.dll
0x76ac0000 - 0x76b56000 	C:\WINDOWS\System32\oleaut32.dll
0x746e0000 - 0x747dc000 	C:\WINDOWS\System32\ole32.dll
0x73af0000 - 0x73b6c000 	C:\WINDOWS\system32\uxtheme.dll
0x773f0000 - 0x77533000 	C:\WINDOWS\System32\MSCTF.dll
0x654b0000 - 0x654bf000 	C:\Users\VRMILLING\Downloads\jdk_ri-8u40-b25-windows-i586-10_feb_2015\java-se-8u40-ri\jre\bin\nio.dll
0x70260000 - 0x70273000 	C:\WINDOWS\SYSTEM32\CRYPTSP.dll
0x70230000 - 0x7025f000 	C:\WINDOWS\system32\rsaenh.dll
0x70210000 - 0x70229000 	C:\WINDOWS\SYSTEM32\bcrypt.dll
0x73400000 - 0x73421000 	C:\WINDOWS\SYSTEM32\USERENV.dll
0x654a0000 - 0x654aa000 	C:\Users\VRMILLING\Downloads\jdk_ri-8u40-b25-windows-i586-10_feb_2015\java-se-8u40-ri\jre\bin\management.dll
0x71cc0000 - 0x71cd1000 	C:\WINDOWS\system32\napinsp.dll
0x70900000 - 0x70916000 	C:\WINDOWS\system32\pnrpnsp.dll
0x708b0000 - 0x708c3000 	C:\WINDOWS\system32\NLAapi.dll
0x706e0000 - 0x7076e000 	C:\WINDOWS\SYSTEM32\DNSAPI.dll
0x76920000 - 0x76927000 	C:\WINDOWS\System32\NSI.dll
0x727e0000 - 0x72810000 	C:\WINDOWS\SYSTEM32\IPHLPAPI.DLL
0x706b0000 - 0x706bc000 	C:\WINDOWS\System32\winrnr.dll
0x6e530000 - 0x6e538000 	C:\Windows\System32\rasadhlp.dll
0x6e550000 - 0x6e59f000 	C:\WINDOWS\System32\fwpuclnt.dll
0x722e0000 - 0x722f3000 	C:\WINDOWS\SYSTEM32\dhcpcsvc6.DLL
0x722b0000 - 0x722c4000 	C:\WINDOWS\SYSTEM32\dhcpcsvc.DLL
0x778c0000 - 0x77943000 	C:\WINDOWS\System32\clbcatq.dll
0x18e20000 - 0x18e2f000 	C:\Program Files (x86)\Rockwell Software\RSLinx\RSOPCCON.DLL
0x18ee0000 - 0x18f06000 	C:\windows\System32\opcproxy.dll
0x71de0000 - 0x71f62000 	C:\WINDOWS\SYSTEM32\dbghelp.dll

VM Arguments:
java_command: scmgrpc-1.0-shaded-server.jar
java_class_path (initial): scmgrpc-1.0-shaded-server.jar
Launcher Type: SUN_STANDARD

Environment Variables:
JAVA_HOME=C:\Program Files (x86)\Java\jdk1.8.0_181\bin\javaw.exe
PATH=C:\Program Files (x86)\Rockwell Software\RSCommon\;C:\Program Files (x86)\Common Files\Oracle\Java\javapath;C:\Python271207\;C:\Python271207\Scripts;c:\OpenOPC\bin;C:\Users\VRMILLING\AppData\Local\Programs\Python\Python36-32;C:\Program Files (x86)\Java\jdk1.8.0_181;C:\Program Files\Git\cmd;C:\Program Files\nodejs\;C:\WINDOWS\system32;c:\OpenOPC\bin;C:\Program Files\dotnet\;C:\Program Files (x86)\Java\jdk1.8.0_181\bin;C:\Program Files (x86)\Rockwell Software\Logix Designer Tools\Logix Designer Compare Tool\;C:\Program Files\Microsoft SQL Server\120\Tools\Binn\;C:\Program Files (x86)\Common Files\Rockwell\;C:\Program Files (x86)\Rockwell Software\RSCommon;C:\Program Files (x86)\Rockwell Software\RSView Enterprise\;C:\Program Files\CrashPlan\jre\bin\server\;C:\Program Files\CrashPlan\jre\bin\;C:\Program Files (x86)\Rockwell Software\RSCommon\;C:\Program Files (x86)\Common Files\Oracle\Java\javapath;C:\Python271207\;C:\Python271207\Scripts;c:\OpenOPC\bin;C:\Users\VRMILLING\AppData\Local\Programs\Python\Python36-32;C:\Program Files (x86)\Java\jdk1.8.0_181;C:\Program Files\Git\cmd;C:\Program Files\nodejs\;C:\WINDOWS\system32;c:\OpenOPC\bin;C:\Program Files\dotnet\;C:\Program Files (x86)\Java\jdk1.8.0_181\bin;C:\Program Files (x86)\Rockwell Software\Logix Designer Tools\Logix Designer Compare Tool\;C:\Program Files\Microsoft SQL Server\120\Tools\Binn\;C:\Program Files (x86)\Common Files\Rockwell\;C:\Program Files (x86)\Rockwell Software\RSCommon;C:\Program Files (x86)\Rockwell Software\RSView Enterprise\;C:\Program Files\CrashPlan\jre\bin\server\;C:\Program Files\CrashPlan\jre\bin\;C:\Python271207;C:\Python27131207\Scripts;C:\Users\VRMILLING\AppData\Local\Programs\Python\Python36-32;C:\Users\VRMILLING\AppData\Local\GitHubDesktop\bin;C:\Users\VRMILLING\AppData\Roaming\npm;C:\Users\VRMILLING\AppData\Loc
USERNAME=VRMILLING
OS=Windows_NT
PROCESSOR_IDENTIFIER=Intel64 Family 6 Model 158 Stepping 9, GenuineIntel



---------------  S Y S T E M  ---------------

OS: Windows 10.0 , 64 bit Build 17134 (10.0.17134.556)

CPU:total 8 (4 cores per cpu, 2 threads per core) family 6 model 158 stepping 9, cmov, cx8, fxsr, mmx, sse, sse2, sse3, ssse3, sse4.1, sse4.2, popcnt, avx, avx2, aes, clmul, erms, rtm, 3dnowpref, lzcnt, ht, tsc, tscinvbit, bmi1, bmi2, adx

Memory: 4k page, physical 16695904k(8845856k free), swap 19186272k(9574956k free)

vm_info: OpenJDK Client VM (25.40-b25) for windows-x86 JRE (1.8.0_40-b25), built on Feb 10 2015 22:07:19 by "java_re" with MS VC++ 10.0 (VS2010)

time: Thu Nov 07 20:41:00 2019
elapsed time: 333 seconds (0d 0h 5m 33s)

