25.10.2019 14:49:07 DEBUG main io.netty.util.internal.logging.InternalLoggerFactory - Using Log4J as the default logging framework
25.10.2019 14:49:07 DEBUG main io.netty.util.internal.PlatformDependent - Platform: Windows
25.10.2019 14:49:07 DEBUG main io.netty.util.internal.PlatformDependent0 - -Dio.netty.noUnsafe: false
25.10.2019 14:49:07 DEBUG main io.netty.util.internal.PlatformDependent0 - Java version: 8
25.10.2019 14:49:07 DEBUG main io.netty.util.internal.PlatformDependent0 - sun.misc.Unsafe.theUnsafe: available
25.10.2019 14:49:07 DEBUG main io.netty.util.internal.PlatformDependent0 - sun.misc.Unsafe.copyMemory: available
25.10.2019 14:49:07 DEBUG main io.netty.util.internal.PlatformDependent0 - java.nio.Buffer.address: available
25.10.2019 14:49:07 DEBUG main io.netty.util.internal.PlatformDependent0 - direct buffer constructor: available
25.10.2019 14:49:07 DEBUG main io.netty.util.internal.PlatformDependent0 - java.nio.Bits.unaligned: available, true
25.10.2019 14:49:07 DEBUG main io.netty.util.internal.PlatformDependent0 - jdk.internal.misc.Unsafe.allocateUninitializedArray(int): unavailable prior to Java9
25.10.2019 14:49:07 DEBUG main io.netty.util.internal.PlatformDependent0 - java.nio.DirectByteBuffer.<init>(long, int): available
25.10.2019 14:49:07 DEBUG main io.netty.util.internal.PlatformDependent - sun.misc.Unsafe: available
25.10.2019 14:49:07 DEBUG main io.netty.util.internal.PlatformDependent - -Dio.netty.tmpdir: C:\Users\VRMILL~1\AppData\Local\Temp (java.io.tmpdir)
25.10.2019 14:49:07 DEBUG main io.netty.util.internal.PlatformDependent - -Dio.netty.bitMode: 32 (sun.arch.data.model)
25.10.2019 14:49:07 DEBUG main io.netty.util.internal.PlatformDependent - -Dio.netty.maxDirectMemory: 259522560 bytes
25.10.2019 14:49:07 DEBUG main io.netty.util.internal.PlatformDependent - -Dio.netty.uninitializedArrayAllocationThreshold: -1
25.10.2019 14:49:07 DEBUG main io.netty.util.internal.CleanerJava6 - java.nio.ByteBuffer.cleaner(): available
25.10.2019 14:49:07 DEBUG main io.netty.util.internal.PlatformDependent - -Dio.netty.noPreferDirect: false
25.10.2019 14:49:07 DEBUG main io.netty.channel.MultithreadEventLoopGroup - -Dio.netty.eventLoopThreads: 16
25.10.2019 14:49:07 DEBUG main io.netty.channel.nio.NioEventLoop - -Dio.netty.noKeySetOptimization: false
25.10.2019 14:49:07 DEBUG main io.netty.channel.nio.NioEventLoop - -Dio.netty.selectorAutoRebuildThreshold: 512
25.10.2019 14:49:07 DEBUG main io.netty.util.internal.PlatformDependent - org.jctools-core.MpscChunkedArrayQueue: available
25.10.2019 14:49:07 DEBUG main io.netty.channel.DefaultChannelId - -Dio.netty.processId: 14704 (auto-detected)
25.10.2019 14:49:07 DEBUG main io.netty.util.NetUtil - -Djava.net.preferIPv4Stack: false
25.10.2019 14:49:07 DEBUG main io.netty.util.NetUtil - -Djava.net.preferIPv6Addresses: false
25.10.2019 14:49:07 DEBUG main io.netty.util.NetUtil - Loopback interface: lo (Software Loopback Interface 1, 127.0.0.1)
25.10.2019 14:49:07 DEBUG main io.netty.util.NetUtil - Failed to get SOMAXCONN from sysctl and file \proc\sys\net\core\somaxconn. Default: 200
25.10.2019 14:49:07 DEBUG main io.netty.channel.DefaultChannelId - -Dio.netty.machineId: 3c:52:82:ff:fe:7b:c3:db (auto-detected)
25.10.2019 14:49:07 DEBUG main io.netty.util.internal.InternalThreadLocalMap - -Dio.netty.threadLocalMap.stringBuilder.initialSize: 1024
25.10.2019 14:49:07 DEBUG main io.netty.util.internal.InternalThreadLocalMap - -Dio.netty.threadLocalMap.stringBuilder.maxSize: 4096
25.10.2019 14:49:07 DEBUG main io.netty.util.ResourceLeakDetector - -Dio.netty.leakDetection.level: simple
25.10.2019 14:49:07 DEBUG main io.netty.util.ResourceLeakDetector - -Dio.netty.leakDetection.targetRecords: 4
25.10.2019 14:49:07 DEBUG main io.netty.buffer.PooledByteBufAllocator - -Dio.netty.allocator.numHeapArenas: 2
25.10.2019 14:49:07 DEBUG main io.netty.buffer.PooledByteBufAllocator - -Dio.netty.allocator.numDirectArenas: 2
25.10.2019 14:49:07 DEBUG main io.netty.buffer.PooledByteBufAllocator - -Dio.netty.allocator.pageSize: 8192
25.10.2019 14:49:07 DEBUG main io.netty.buffer.PooledByteBufAllocator - -Dio.netty.allocator.maxOrder: 11
25.10.2019 14:49:07 DEBUG main io.netty.buffer.PooledByteBufAllocator - -Dio.netty.allocator.chunkSize: 16777216
25.10.2019 14:49:07 DEBUG main io.netty.buffer.PooledByteBufAllocator - -Dio.netty.allocator.tinyCacheSize: 512
25.10.2019 14:49:07 DEBUG main io.netty.buffer.PooledByteBufAllocator - -Dio.netty.allocator.smallCacheSize: 256
25.10.2019 14:49:07 DEBUG main io.netty.buffer.PooledByteBufAllocator - -Dio.netty.allocator.normalCacheSize: 64
25.10.2019 14:49:07 DEBUG main io.netty.buffer.PooledByteBufAllocator - -Dio.netty.allocator.maxCachedBufferCapacity: 32768
25.10.2019 14:49:07 DEBUG main io.netty.buffer.PooledByteBufAllocator - -Dio.netty.allocator.cacheTrimInterval: 8192
25.10.2019 14:49:07 DEBUG main io.netty.buffer.PooledByteBufAllocator - -Dio.netty.allocator.useCacheForAllThreads: true
25.10.2019 14:49:07 DEBUG main io.netty.buffer.PooledByteBufAllocator - -Dio.netty.allocator.maxCachedByteBuffersPerChunk: 1023
25.10.2019 14:49:07 DEBUG main io.netty.buffer.ByteBufUtil - -Dio.netty.allocator.type: pooled
25.10.2019 14:49:07 DEBUG main io.netty.buffer.ByteBufUtil - -Dio.netty.threadLocalDirectBufferSize: 0
25.10.2019 14:49:07 DEBUG main io.netty.buffer.ByteBufUtil - -Dio.netty.maxThreadLocalCharBufferSize: 16384
25.10.2019 18:59:38 DEBUG main io.netty.util.internal.logging.InternalLoggerFactory - Using Log4J as the default logging framework
25.10.2019 18:59:38 DEBUG main io.netty.util.internal.PlatformDependent - Platform: Windows
25.10.2019 18:59:38 DEBUG main io.netty.util.internal.PlatformDependent0 - -Dio.netty.noUnsafe: false
25.10.2019 18:59:38 DEBUG main io.netty.util.internal.PlatformDependent0 - Java version: 8
25.10.2019 18:59:38 DEBUG main io.netty.util.internal.PlatformDependent0 - sun.misc.Unsafe.theUnsafe: available
25.10.2019 18:59:38 DEBUG main io.netty.util.internal.PlatformDependent0 - sun.misc.Unsafe.copyMemory: available
25.10.2019 18:59:38 DEBUG main io.netty.util.internal.PlatformDependent0 - java.nio.Buffer.address: available
25.10.2019 18:59:38 DEBUG main io.netty.util.internal.PlatformDependent0 - direct buffer constructor: available
25.10.2019 18:59:38 DEBUG main io.netty.util.internal.PlatformDependent0 - java.nio.Bits.unaligned: available, true
25.10.2019 18:59:38 DEBUG main io.netty.util.internal.PlatformDependent0 - jdk.internal.misc.Unsafe.allocateUninitializedArray(int): unavailable prior to Java9
25.10.2019 18:59:38 DEBUG main io.netty.util.internal.PlatformDependent0 - java.nio.DirectByteBuffer.<init>(long, int): available
25.10.2019 18:59:38 DEBUG main io.netty.util.internal.PlatformDependent - sun.misc.Unsafe: available
25.10.2019 18:59:38 DEBUG main io.netty.util.internal.PlatformDependent - -Dio.netty.tmpdir: C:\Users\VRMILL~1\AppData\Local\Temp (java.io.tmpdir)
25.10.2019 18:59:38 DEBUG main io.netty.util.internal.PlatformDependent - -Dio.netty.bitMode: 32 (sun.arch.data.model)
25.10.2019 18:59:38 DEBUG main io.netty.util.internal.PlatformDependent - -Dio.netty.maxDirectMemory: 259522560 bytes
25.10.2019 18:59:38 DEBUG main io.netty.util.internal.PlatformDependent - -Dio.netty.uninitializedArrayAllocationThreshold: -1
25.10.2019 18:59:38 DEBUG main io.netty.util.internal.CleanerJava6 - java.nio.ByteBuffer.cleaner(): available
25.10.2019 18:59:38 DEBUG main io.netty.util.internal.PlatformDependent - -Dio.netty.noPreferDirect: false
25.10.2019 18:59:38 DEBUG main io.netty.channel.MultithreadEventLoopGroup - -Dio.netty.eventLoopThreads: 16
25.10.2019 18:59:38 DEBUG main io.netty.channel.nio.NioEventLoop - -Dio.netty.noKeySetOptimization: false
25.10.2019 18:59:38 DEBUG main io.netty.channel.nio.NioEventLoop - -Dio.netty.selectorAutoRebuildThreshold: 512
25.10.2019 18:59:38 DEBUG main io.netty.util.internal.PlatformDependent - org.jctools-core.MpscChunkedArrayQueue: available
25.10.2019 18:59:38 DEBUG main io.netty.channel.DefaultChannelId - -Dio.netty.processId: 11348 (auto-detected)
25.10.2019 18:59:38 DEBUG main io.netty.util.NetUtil - -Djava.net.preferIPv4Stack: false
25.10.2019 18:59:38 DEBUG main io.netty.util.NetUtil - -Djava.net.preferIPv6Addresses: false
25.10.2019 18:59:38 DEBUG main io.netty.util.NetUtil - Loopback interface: lo (Software Loopback Interface 1, 127.0.0.1)
25.10.2019 18:59:38 DEBUG main io.netty.util.NetUtil - Failed to get SOMAXCONN from sysctl and file \proc\sys\net\core\somaxconn. Default: 200
25.10.2019 18:59:39 DEBUG main io.netty.channel.DefaultChannelId - -Dio.netty.machineId: 3c:52:82:ff:fe:7b:c3:db (auto-detected)
25.10.2019 18:59:39 DEBUG main io.netty.util.internal.InternalThreadLocalMap - -Dio.netty.threadLocalMap.stringBuilder.initialSize: 1024
25.10.2019 18:59:39 DEBUG main io.netty.util.internal.InternalThreadLocalMap - -Dio.netty.threadLocalMap.stringBuilder.maxSize: 4096
25.10.2019 18:59:39 DEBUG main io.netty.util.ResourceLeakDetector - -Dio.netty.leakDetection.level: simple
25.10.2019 18:59:39 DEBUG main io.netty.util.ResourceLeakDetector - -Dio.netty.leakDetection.targetRecords: 4
25.10.2019 18:59:39 DEBUG main io.netty.buffer.PooledByteBufAllocator - -Dio.netty.allocator.numHeapArenas: 2
25.10.2019 18:59:39 DEBUG main io.netty.buffer.PooledByteBufAllocator - -Dio.netty.allocator.numDirectArenas: 2
25.10.2019 18:59:39 DEBUG main io.netty.buffer.PooledByteBufAllocator - -Dio.netty.allocator.pageSize: 8192
25.10.2019 18:59:39 DEBUG main io.netty.buffer.PooledByteBufAllocator - -Dio.netty.allocator.maxOrder: 11
25.10.2019 18:59:39 DEBUG main io.netty.buffer.PooledByteBufAllocator - -Dio.netty.allocator.chunkSize: 16777216
25.10.2019 18:59:39 DEBUG main io.netty.buffer.PooledByteBufAllocator - -Dio.netty.allocator.tinyCacheSize: 512
25.10.2019 18:59:39 DEBUG main io.netty.buffer.PooledByteBufAllocator - -Dio.netty.allocator.smallCacheSize: 256
25.10.2019 18:59:39 DEBUG main io.netty.buffer.PooledByteBufAllocator - -Dio.netty.allocator.normalCacheSize: 64
25.10.2019 18:59:39 DEBUG main io.netty.buffer.PooledByteBufAllocator - -Dio.netty.allocator.maxCachedBufferCapacity: 32768
25.10.2019 18:59:39 DEBUG main io.netty.buffer.PooledByteBufAllocator - -Dio.netty.allocator.cacheTrimInterval: 8192
25.10.2019 18:59:39 DEBUG main io.netty.buffer.PooledByteBufAllocator - -Dio.netty.allocator.useCacheForAllThreads: true
25.10.2019 18:59:39 DEBUG main io.netty.buffer.PooledByteBufAllocator - -Dio.netty.allocator.maxCachedByteBuffersPerChunk: 1023
25.10.2019 18:59:39 DEBUG main io.netty.buffer.ByteBufUtil - -Dio.netty.allocator.type: pooled
25.10.2019 18:59:39 DEBUG main io.netty.buffer.ByteBufUtil - -Dio.netty.threadLocalDirectBufferSize: 0
25.10.2019 18:59:39 DEBUG main io.netty.buffer.ByteBufUtil - -Dio.netty.maxThreadLocalCharBufferSize: 16384
25.10.2019 19:04:54 DEBUG main io.netty.util.internal.logging.InternalLoggerFactory - Using Log4J as the default logging framework
25.10.2019 19:04:54 DEBUG main io.netty.util.internal.PlatformDependent - Platform: Windows
25.10.2019 19:04:54 DEBUG main io.netty.util.internal.PlatformDependent0 - -Dio.netty.noUnsafe: false
25.10.2019 19:04:54 DEBUG main io.netty.util.internal.PlatformDependent0 - Java version: 8
25.10.2019 19:04:54 DEBUG main io.netty.util.internal.PlatformDependent0 - sun.misc.Unsafe.theUnsafe: available
25.10.2019 19:04:54 DEBUG main io.netty.util.internal.PlatformDependent0 - sun.misc.Unsafe.copyMemory: available
25.10.2019 19:04:54 DEBUG main io.netty.util.internal.PlatformDependent0 - java.nio.Buffer.address: available
25.10.2019 19:04:54 DEBUG main io.netty.util.internal.PlatformDependent0 - direct buffer constructor: available
25.10.2019 19:04:54 DEBUG main io.netty.util.internal.PlatformDependent0 - java.nio.Bits.unaligned: available, true
25.10.2019 19:04:54 DEBUG main io.netty.util.internal.PlatformDependent0 - jdk.internal.misc.Unsafe.allocateUninitializedArray(int): unavailable prior to Java9
25.10.2019 19:04:54 DEBUG main io.netty.util.internal.PlatformDependent0 - java.nio.DirectByteBuffer.<init>(long, int): available
25.10.2019 19:04:54 DEBUG main io.netty.util.internal.PlatformDependent - sun.misc.Unsafe: available
25.10.2019 19:04:54 DEBUG main io.netty.util.internal.PlatformDependent - -Dio.netty.tmpdir: C:\Users\VRMILL~1\AppData\Local\Temp (java.io.tmpdir)
25.10.2019 19:04:54 DEBUG main io.netty.util.internal.PlatformDependent - -Dio.netty.bitMode: 32 (sun.arch.data.model)
25.10.2019 19:04:54 DEBUG main io.netty.util.internal.PlatformDependent - -Dio.netty.maxDirectMemory: 259522560 bytes
25.10.2019 19:04:54 DEBUG main io.netty.util.internal.PlatformDependent - -Dio.netty.uninitializedArrayAllocationThreshold: -1
25.10.2019 19:04:54 DEBUG main io.netty.util.internal.CleanerJava6 - java.nio.ByteBuffer.cleaner(): available
25.10.2019 19:04:54 DEBUG main io.netty.util.internal.PlatformDependent - -Dio.netty.noPreferDirect: false
25.10.2019 19:04:54 DEBUG main io.netty.channel.MultithreadEventLoopGroup - -Dio.netty.eventLoopThreads: 16
25.10.2019 19:04:54 DEBUG main io.netty.channel.nio.NioEventLoop - -Dio.netty.noKeySetOptimization: false
25.10.2019 19:04:54 DEBUG main io.netty.channel.nio.NioEventLoop - -Dio.netty.selectorAutoRebuildThreshold: 512
25.10.2019 19:04:54 DEBUG main io.netty.util.internal.PlatformDependent - org.jctools-core.MpscChunkedArrayQueue: available
25.10.2019 19:04:54 DEBUG main io.netty.channel.DefaultChannelId - -Dio.netty.processId: 21100 (auto-detected)
25.10.2019 19:04:54 DEBUG main io.netty.util.NetUtil - -Djava.net.preferIPv4Stack: false
25.10.2019 19:04:54 DEBUG main io.netty.util.NetUtil - -Djava.net.preferIPv6Addresses: false
25.10.2019 19:04:54 DEBUG main io.netty.util.NetUtil - Loopback interface: lo (Software Loopback Interface 1, 127.0.0.1)
25.10.2019 19:04:54 DEBUG main io.netty.util.NetUtil - Failed to get SOMAXCONN from sysctl and file \proc\sys\net\core\somaxconn. Default: 200
25.10.2019 19:04:54 DEBUG main io.netty.channel.DefaultChannelId - -Dio.netty.machineId: 3c:52:82:ff:fe:7b:c3:db (auto-detected)
25.10.2019 19:04:54 DEBUG main io.netty.util.internal.InternalThreadLocalMap - -Dio.netty.threadLocalMap.stringBuilder.initialSize: 1024
25.10.2019 19:04:54 DEBUG main io.netty.util.internal.InternalThreadLocalMap - -Dio.netty.threadLocalMap.stringBuilder.maxSize: 4096
25.10.2019 19:04:54 DEBUG main io.netty.util.ResourceLeakDetector - -Dio.netty.leakDetection.level: simple
25.10.2019 19:04:54 DEBUG main io.netty.util.ResourceLeakDetector - -Dio.netty.leakDetection.targetRecords: 4
25.10.2019 19:04:55 DEBUG main io.netty.buffer.PooledByteBufAllocator - -Dio.netty.allocator.numHeapArenas: 2
25.10.2019 19:04:55 DEBUG main io.netty.buffer.PooledByteBufAllocator - -Dio.netty.allocator.numDirectArenas: 2
25.10.2019 19:04:55 DEBUG main io.netty.buffer.PooledByteBufAllocator - -Dio.netty.allocator.pageSize: 8192
25.10.2019 19:04:55 DEBUG main io.netty.buffer.PooledByteBufAllocator - -Dio.netty.allocator.maxOrder: 11
25.10.2019 19:04:55 DEBUG main io.netty.buffer.PooledByteBufAllocator - -Dio.netty.allocator.chunkSize: 16777216
25.10.2019 19:04:55 DEBUG main io.netty.buffer.PooledByteBufAllocator - -Dio.netty.allocator.tinyCacheSize: 512
25.10.2019 19:04:55 DEBUG main io.netty.buffer.PooledByteBufAllocator - -Dio.netty.allocator.smallCacheSize: 256
25.10.2019 19:04:55 DEBUG main io.netty.buffer.PooledByteBufAllocator - -Dio.netty.allocator.normalCacheSize: 64
25.10.2019 19:04:55 DEBUG main io.netty.buffer.PooledByteBufAllocator - -Dio.netty.allocator.maxCachedBufferCapacity: 32768
25.10.2019 19:04:55 DEBUG main io.netty.buffer.PooledByteBufAllocator - -Dio.netty.allocator.cacheTrimInterval: 8192
25.10.2019 19:04:55 DEBUG main io.netty.buffer.PooledByteBufAllocator - -Dio.netty.allocator.useCacheForAllThreads: true
25.10.2019 19:04:55 DEBUG main io.netty.buffer.PooledByteBufAllocator - -Dio.netty.allocator.maxCachedByteBuffersPerChunk: 1023
25.10.2019 19:04:55 DEBUG main io.netty.buffer.ByteBufUtil - -Dio.netty.allocator.type: pooled
25.10.2019 19:04:55 DEBUG main io.netty.buffer.ByteBufUtil - -Dio.netty.threadLocalDirectBufferSize: 0
25.10.2019 19:04:55 DEBUG main io.netty.buffer.ByteBufUtil - -Dio.netty.maxThreadLocalCharBufferSize: 16384
25.10.2019 19:09:29 DEBUG main io.netty.util.internal.logging.InternalLoggerFactory - Using Log4J as the default logging framework
25.10.2019 19:09:29 DEBUG main io.netty.util.internal.PlatformDependent - Platform: Windows
25.10.2019 19:09:29 DEBUG main io.netty.util.internal.PlatformDependent0 - -Dio.netty.noUnsafe: false
25.10.2019 19:09:29 DEBUG main io.netty.util.internal.PlatformDependent0 - Java version: 8
25.10.2019 19:09:29 DEBUG main io.netty.util.internal.PlatformDependent0 - sun.misc.Unsafe.theUnsafe: available
25.10.2019 19:09:29 DEBUG main io.netty.util.internal.PlatformDependent0 - sun.misc.Unsafe.copyMemory: available
25.10.2019 19:09:29 DEBUG main io.netty.util.internal.PlatformDependent0 - java.nio.Buffer.address: available
25.10.2019 19:09:29 DEBUG main io.netty.util.internal.PlatformDependent0 - direct buffer constructor: available
25.10.2019 19:09:29 DEBUG main io.netty.util.internal.PlatformDependent0 - java.nio.Bits.unaligned: available, true
25.10.2019 19:09:29 DEBUG main io.netty.util.internal.PlatformDependent0 - jdk.internal.misc.Unsafe.allocateUninitializedArray(int): unavailable prior to Java9
25.10.2019 19:09:29 DEBUG main io.netty.util.internal.PlatformDependent0 - java.nio.DirectByteBuffer.<init>(long, int): available
25.10.2019 19:09:29 DEBUG main io.netty.util.internal.PlatformDependent - sun.misc.Unsafe: available
25.10.2019 19:09:29 DEBUG main io.netty.util.internal.PlatformDependent - -Dio.netty.tmpdir: C:\Users\VRMILL~1\AppData\Local\Temp (java.io.tmpdir)
25.10.2019 19:09:29 DEBUG main io.netty.util.internal.PlatformDependent - -Dio.netty.bitMode: 32 (sun.arch.data.model)
25.10.2019 19:09:29 DEBUG main io.netty.util.internal.PlatformDependent - -Dio.netty.maxDirectMemory: 259522560 bytes
25.10.2019 19:09:29 DEBUG main io.netty.util.internal.PlatformDependent - -Dio.netty.uninitializedArrayAllocationThreshold: -1
25.10.2019 19:09:29 DEBUG main io.netty.util.internal.CleanerJava6 - java.nio.ByteBuffer.cleaner(): available
25.10.2019 19:09:29 DEBUG main io.netty.util.internal.PlatformDependent - -Dio.netty.noPreferDirect: false
25.10.2019 19:09:29 DEBUG main io.netty.channel.MultithreadEventLoopGroup - -Dio.netty.eventLoopThreads: 16
25.10.2019 19:09:29 DEBUG main io.netty.channel.nio.NioEventLoop - -Dio.netty.noKeySetOptimization: false
25.10.2019 19:09:29 DEBUG main io.netty.channel.nio.NioEventLoop - -Dio.netty.selectorAutoRebuildThreshold: 512
25.10.2019 19:09:29 DEBUG main io.netty.util.internal.PlatformDependent - org.jctools-core.MpscChunkedArrayQueue: available
25.10.2019 19:09:29 DEBUG main io.netty.channel.DefaultChannelId - -Dio.netty.processId: 21416 (auto-detected)
25.10.2019 19:09:29 DEBUG main io.netty.util.NetUtil - -Djava.net.preferIPv4Stack: false
25.10.2019 19:09:29 DEBUG main io.netty.util.NetUtil - -Djava.net.preferIPv6Addresses: false
25.10.2019 19:09:29 DEBUG main io.netty.util.NetUtil - Loopback interface: lo (Software Loopback Interface 1, 127.0.0.1)
25.10.2019 19:09:29 DEBUG main io.netty.util.NetUtil - Failed to get SOMAXCONN from sysctl and file \proc\sys\net\core\somaxconn. Default: 200
25.10.2019 19:09:29 DEBUG main io.netty.channel.DefaultChannelId - -Dio.netty.machineId: 3c:52:82:ff:fe:7b:c3:db (auto-detected)
25.10.2019 19:09:29 DEBUG main io.netty.util.internal.InternalThreadLocalMap - -Dio.netty.threadLocalMap.stringBuilder.initialSize: 1024
25.10.2019 19:09:29 DEBUG main io.netty.util.internal.InternalThreadLocalMap - -Dio.netty.threadLocalMap.stringBuilder.maxSize: 4096
25.10.2019 19:09:29 DEBUG main io.netty.util.ResourceLeakDetector - -Dio.netty.leakDetection.level: simple
25.10.2019 19:09:29 DEBUG main io.netty.util.ResourceLeakDetector - -Dio.netty.leakDetection.targetRecords: 4
25.10.2019 19:09:29 DEBUG main io.netty.buffer.PooledByteBufAllocator - -Dio.netty.allocator.numHeapArenas: 2
25.10.2019 19:09:29 DEBUG main io.netty.buffer.PooledByteBufAllocator - -Dio.netty.allocator.numDirectArenas: 2
25.10.2019 19:09:29 DEBUG main io.netty.buffer.PooledByteBufAllocator - -Dio.netty.allocator.pageSize: 8192
25.10.2019 19:09:29 DEBUG main io.netty.buffer.PooledByteBufAllocator - -Dio.netty.allocator.maxOrder: 11
25.10.2019 19:09:29 DEBUG main io.netty.buffer.PooledByteBufAllocator - -Dio.netty.allocator.chunkSize: 16777216
25.10.2019 19:09:29 DEBUG main io.netty.buffer.PooledByteBufAllocator - -Dio.netty.allocator.tinyCacheSize: 512
25.10.2019 19:09:29 DEBUG main io.netty.buffer.PooledByteBufAllocator - -Dio.netty.allocator.smallCacheSize: 256
25.10.2019 19:09:29 DEBUG main io.netty.buffer.PooledByteBufAllocator - -Dio.netty.allocator.normalCacheSize: 64
25.10.2019 19:09:29 DEBUG main io.netty.buffer.PooledByteBufAllocator - -Dio.netty.allocator.maxCachedBufferCapacity: 32768
25.10.2019 19:09:29 DEBUG main io.netty.buffer.PooledByteBufAllocator - -Dio.netty.allocator.cacheTrimInterval: 8192
25.10.2019 19:09:29 DEBUG main io.netty.buffer.PooledByteBufAllocator - -Dio.netty.allocator.useCacheForAllThreads: true
25.10.2019 19:09:29 DEBUG main io.netty.buffer.PooledByteBufAllocator - -Dio.netty.allocator.maxCachedByteBuffersPerChunk: 1023
25.10.2019 19:09:29 DEBUG main io.netty.buffer.ByteBufUtil - -Dio.netty.allocator.type: pooled
25.10.2019 19:09:29 DEBUG main io.netty.buffer.ByteBufUtil - -Dio.netty.threadLocalDirectBufferSize: 0
25.10.2019 19:09:29 DEBUG main io.netty.buffer.ByteBufUtil - -Dio.netty.maxThreadLocalCharBufferSize: 16384
25.10.2019 19:12:59 DEBUG main io.netty.util.internal.logging.InternalLoggerFactory - Using Log4J as the default logging framework
25.10.2019 19:12:59 DEBUG main io.netty.util.internal.PlatformDependent - Platform: Windows
25.10.2019 19:12:59 DEBUG main io.netty.util.internal.PlatformDependent0 - -Dio.netty.noUnsafe: false
25.10.2019 19:12:59 DEBUG main io.netty.util.internal.PlatformDependent0 - Java version: 8
25.10.2019 19:12:59 DEBUG main io.netty.util.internal.PlatformDependent0 - sun.misc.Unsafe.theUnsafe: available
25.10.2019 19:12:59 DEBUG main io.netty.util.internal.PlatformDependent0 - sun.misc.Unsafe.copyMemory: available
25.10.2019 19:12:59 DEBUG main io.netty.util.internal.PlatformDependent0 - java.nio.Buffer.address: available
25.10.2019 19:12:59 DEBUG main io.netty.util.internal.PlatformDependent0 - direct buffer constructor: available
25.10.2019 19:12:59 DEBUG main io.netty.util.internal.PlatformDependent0 - java.nio.Bits.unaligned: available, true
25.10.2019 19:12:59 DEBUG main io.netty.util.internal.PlatformDependent0 - jdk.internal.misc.Unsafe.allocateUninitializedArray(int): unavailable prior to Java9
25.10.2019 19:12:59 DEBUG main io.netty.util.internal.PlatformDependent0 - java.nio.DirectByteBuffer.<init>(long, int): available
25.10.2019 19:12:59 DEBUG main io.netty.util.internal.PlatformDependent - sun.misc.Unsafe: available
25.10.2019 19:12:59 DEBUG main io.netty.util.internal.PlatformDependent - -Dio.netty.tmpdir: C:\Users\VRMILL~1\AppData\Local\Temp (java.io.tmpdir)
25.10.2019 19:12:59 DEBUG main io.netty.util.internal.PlatformDependent - -Dio.netty.bitMode: 32 (sun.arch.data.model)
25.10.2019 19:12:59 DEBUG main io.netty.util.internal.PlatformDependent - -Dio.netty.maxDirectMemory: 259522560 bytes
25.10.2019 19:12:59 DEBUG main io.netty.util.internal.PlatformDependent - -Dio.netty.uninitializedArrayAllocationThreshold: -1
25.10.2019 19:12:59 DEBUG main io.netty.util.internal.CleanerJava6 - java.nio.ByteBuffer.cleaner(): available
25.10.2019 19:12:59 DEBUG main io.netty.util.internal.PlatformDependent - -Dio.netty.noPreferDirect: false
25.10.2019 19:12:59 DEBUG main io.netty.channel.MultithreadEventLoopGroup - -Dio.netty.eventLoopThreads: 16
25.10.2019 19:12:59 DEBUG main io.netty.channel.nio.NioEventLoop - -Dio.netty.noKeySetOptimization: false
25.10.2019 19:12:59 DEBUG main io.netty.channel.nio.NioEventLoop - -Dio.netty.selectorAutoRebuildThreshold: 512
25.10.2019 19:12:59 DEBUG main io.netty.util.internal.PlatformDependent - org.jctools-core.MpscChunkedArrayQueue: available
25.10.2019 19:13:00 DEBUG grpc-default-executor-0 io.netty.util.ResourceLeakDetector - -Dio.netty.leakDetection.level: simple
25.10.2019 19:13:00 DEBUG grpc-default-executor-0 io.netty.util.ResourceLeakDetector - -Dio.netty.leakDetection.targetRecords: 4
25.10.2019 19:13:00 DEBUG grpc-default-executor-0 io.netty.buffer.AbstractByteBuf - -Dio.netty.buffer.checkAccessible: true
25.10.2019 19:13:00 DEBUG grpc-default-executor-0 io.netty.buffer.AbstractByteBuf - -Dio.netty.buffer.checkBounds: true
25.10.2019 19:13:00 DEBUG grpc-default-executor-0 io.netty.util.ResourceLeakDetectorFactory - Loaded default ResourceLeakDetector: io.netty.util.ResourceLeakDetector@6a4247
25.10.2019 19:13:00 DEBUG grpc-default-executor-0 io.netty.util.internal.InternalThreadLocalMap - -Dio.netty.threadLocalMap.stringBuilder.initialSize: 1024
25.10.2019 19:13:00 DEBUG grpc-default-executor-0 io.netty.util.internal.InternalThreadLocalMap - -Dio.netty.threadLocalMap.stringBuilder.maxSize: 4096
25.10.2019 19:13:00 DEBUG grpc-default-executor-0 io.netty.channel.DefaultChannelId - -Dio.netty.processId: 13556 (auto-detected)
25.10.2019 19:13:00 DEBUG grpc-default-executor-0 io.netty.util.NetUtil - -Djava.net.preferIPv4Stack: false
25.10.2019 19:13:00 DEBUG grpc-default-executor-0 io.netty.util.NetUtil - -Djava.net.preferIPv6Addresses: false
25.10.2019 19:13:00 DEBUG grpc-default-executor-0 io.netty.util.NetUtil - Loopback interface: lo (Software Loopback Interface 1, 127.0.0.1)
25.10.2019 19:13:00 DEBUG grpc-default-executor-0 io.netty.util.NetUtil - Failed to get SOMAXCONN from sysctl and file \proc\sys\net\core\somaxconn. Default: 200
25.10.2019 19:13:00 DEBUG grpc-default-executor-0 io.netty.channel.DefaultChannelId - -Dio.netty.machineId: 3c:52:82:ff:fe:7b:c3:db (auto-detected)
25.10.2019 19:13:00 DEBUG grpc-default-executor-0 io.netty.buffer.PooledByteBufAllocator - -Dio.netty.allocator.numHeapArenas: 2
25.10.2019 19:13:00 DEBUG grpc-default-executor-0 io.netty.buffer.PooledByteBufAllocator - -Dio.netty.allocator.numDirectArenas: 2
25.10.2019 19:13:00 DEBUG grpc-default-executor-0 io.netty.buffer.PooledByteBufAllocator - -Dio.netty.allocator.pageSize: 8192
25.10.2019 19:13:00 DEBUG grpc-default-executor-0 io.netty.buffer.PooledByteBufAllocator - -Dio.netty.allocator.maxOrder: 11
25.10.2019 19:13:00 DEBUG grpc-default-executor-0 io.netty.buffer.PooledByteBufAllocator - -Dio.netty.allocator.chunkSize: 16777216
25.10.2019 19:13:00 DEBUG grpc-default-executor-0 io.netty.buffer.PooledByteBufAllocator - -Dio.netty.allocator.tinyCacheSize: 512
25.10.2019 19:13:00 DEBUG grpc-default-executor-0 io.netty.buffer.PooledByteBufAllocator - -Dio.netty.allocator.smallCacheSize: 256
25.10.2019 19:13:00 DEBUG grpc-default-executor-0 io.netty.buffer.PooledByteBufAllocator - -Dio.netty.allocator.normalCacheSize: 64
25.10.2019 19:13:00 DEBUG grpc-default-executor-0 io.netty.buffer.PooledByteBufAllocator - -Dio.netty.allocator.maxCachedBufferCapacity: 32768
25.10.2019 19:13:00 DEBUG grpc-default-executor-0 io.netty.buffer.PooledByteBufAllocator - -Dio.netty.allocator.cacheTrimInterval: 8192
25.10.2019 19:13:00 DEBUG grpc-default-executor-0 io.netty.buffer.PooledByteBufAllocator - -Dio.netty.allocator.useCacheForAllThreads: true
25.10.2019 19:13:00 DEBUG grpc-default-executor-0 io.netty.buffer.PooledByteBufAllocator - -Dio.netty.allocator.maxCachedByteBuffersPerChunk: 1023
25.10.2019 19:13:00 DEBUG grpc-default-executor-0 io.netty.buffer.ByteBufUtil - -Dio.netty.allocator.type: pooled
25.10.2019 19:13:00 DEBUG grpc-default-executor-0 io.netty.buffer.ByteBufUtil - -Dio.netty.threadLocalDirectBufferSize: 0
25.10.2019 19:13:00 DEBUG grpc-default-executor-0 io.netty.buffer.ByteBufUtil - -Dio.netty.maxThreadLocalCharBufferSize: 16384
25.10.2019 19:13:00 DEBUG grpc-default-executor-0 io.netty.util.Recycler - -Dio.netty.recycler.maxCapacityPerThread: 4096
25.10.2019 19:13:00 DEBUG grpc-default-executor-0 io.netty.util.Recycler - -Dio.netty.recycler.maxSharedCapacityFactor: 2
25.10.2019 19:13:00 DEBUG grpc-default-executor-0 io.netty.util.Recycler - -Dio.netty.recycler.linkCapacity: 16
25.10.2019 19:13:00 DEBUG grpc-default-executor-0 io.netty.util.Recycler - -Dio.netty.recycler.ratio: 8
25.10.2019 19:13:04 DEBUG main io.netty.util.internal.logging.InternalLoggerFactory - Using Log4J as the default logging framework
25.10.2019 19:13:04 DEBUG main io.netty.util.internal.PlatformDependent - Platform: Windows
25.10.2019 19:13:04 DEBUG main io.netty.util.internal.PlatformDependent0 - -Dio.netty.noUnsafe: false
25.10.2019 19:13:04 DEBUG main io.netty.util.internal.PlatformDependent0 - Java version: 8
25.10.2019 19:13:04 DEBUG main io.netty.util.internal.PlatformDependent0 - sun.misc.Unsafe.theUnsafe: available
25.10.2019 19:13:04 DEBUG main io.netty.util.internal.PlatformDependent0 - sun.misc.Unsafe.copyMemory: available
25.10.2019 19:13:04 DEBUG main io.netty.util.internal.PlatformDependent0 - java.nio.Buffer.address: available
25.10.2019 19:13:04 DEBUG main io.netty.util.internal.PlatformDependent0 - direct buffer constructor: available
25.10.2019 19:13:04 DEBUG main io.netty.util.internal.PlatformDependent0 - java.nio.Bits.unaligned: available, true
25.10.2019 19:13:04 DEBUG main io.netty.util.internal.PlatformDependent0 - jdk.internal.misc.Unsafe.allocateUninitializedArray(int): unavailable prior to Java9
25.10.2019 19:13:04 DEBUG main io.netty.util.internal.PlatformDependent0 - java.nio.DirectByteBuffer.<init>(long, int): available
25.10.2019 19:13:04 DEBUG main io.netty.util.internal.PlatformDependent - sun.misc.Unsafe: available
25.10.2019 19:13:04 DEBUG main io.netty.util.internal.PlatformDependent - -Dio.netty.tmpdir: C:\Users\VRMILL~1\AppData\Local\Temp (java.io.tmpdir)
25.10.2019 19:13:04 DEBUG main io.netty.util.internal.PlatformDependent - -Dio.netty.bitMode: 32 (sun.arch.data.model)
25.10.2019 19:13:04 DEBUG main io.netty.util.internal.PlatformDependent - -Dio.netty.maxDirectMemory: 259522560 bytes
25.10.2019 19:13:04 DEBUG main io.netty.util.internal.PlatformDependent - -Dio.netty.uninitializedArrayAllocationThreshold: -1
25.10.2019 19:13:04 DEBUG main io.netty.util.internal.CleanerJava6 - java.nio.ByteBuffer.cleaner(): available
25.10.2019 19:13:04 DEBUG main io.netty.util.internal.PlatformDependent - -Dio.netty.noPreferDirect: false
25.10.2019 19:13:04 DEBUG main io.netty.channel.MultithreadEventLoopGroup - -Dio.netty.eventLoopThreads: 16
25.10.2019 19:13:04 DEBUG main io.netty.channel.nio.NioEventLoop - -Dio.netty.noKeySetOptimization: false
25.10.2019 19:13:04 DEBUG main io.netty.channel.nio.NioEventLoop - -Dio.netty.selectorAutoRebuildThreshold: 512
25.10.2019 19:13:04 DEBUG main io.netty.util.internal.PlatformDependent - org.jctools-core.MpscChunkedArrayQueue: available
25.10.2019 19:13:04 DEBUG main io.netty.channel.DefaultChannelId - -Dio.netty.processId: 3696 (auto-detected)
25.10.2019 19:13:04 DEBUG main io.netty.util.NetUtil - -Djava.net.preferIPv4Stack: false
25.10.2019 19:13:04 DEBUG main io.netty.util.NetUtil - -Djava.net.preferIPv6Addresses: false
25.10.2019 19:13:04 DEBUG main io.netty.util.NetUtil - Loopback interface: lo (Software Loopback Interface 1, 127.0.0.1)
25.10.2019 19:13:04 DEBUG main io.netty.util.NetUtil - Failed to get SOMAXCONN from sysctl and file \proc\sys\net\core\somaxconn. Default: 200
25.10.2019 19:13:04 DEBUG main io.netty.channel.DefaultChannelId - -Dio.netty.machineId: 3c:52:82:ff:fe:7b:c3:db (auto-detected)
25.10.2019 19:13:04 DEBUG main io.netty.util.internal.InternalThreadLocalMap - -Dio.netty.threadLocalMap.stringBuilder.initialSize: 1024
25.10.2019 19:13:04 DEBUG main io.netty.util.internal.InternalThreadLocalMap - -Dio.netty.threadLocalMap.stringBuilder.maxSize: 4096
25.10.2019 19:13:04 DEBUG main io.netty.util.ResourceLeakDetector - -Dio.netty.leakDetection.level: simple
25.10.2019 19:13:04 DEBUG main io.netty.util.ResourceLeakDetector - -Dio.netty.leakDetection.targetRecords: 4
25.10.2019 19:13:04 DEBUG main io.netty.buffer.PooledByteBufAllocator - -Dio.netty.allocator.numHeapArenas: 2
25.10.2019 19:13:04 DEBUG main io.netty.buffer.PooledByteBufAllocator - -Dio.netty.allocator.numDirectArenas: 2
25.10.2019 19:13:04 DEBUG main io.netty.buffer.PooledByteBufAllocator - -Dio.netty.allocator.pageSize: 8192
25.10.2019 19:13:04 DEBUG main io.netty.buffer.PooledByteBufAllocator - -Dio.netty.allocator.maxOrder: 11
25.10.2019 19:13:04 DEBUG main io.netty.buffer.PooledByteBufAllocator - -Dio.netty.allocator.chunkSize: 16777216
25.10.2019 19:13:04 DEBUG main io.netty.buffer.PooledByteBufAllocator - -Dio.netty.allocator.tinyCacheSize: 512
25.10.2019 19:13:04 DEBUG main io.netty.buffer.PooledByteBufAllocator - -Dio.netty.allocator.smallCacheSize: 256
25.10.2019 19:13:04 DEBUG main io.netty.buffer.PooledByteBufAllocator - -Dio.netty.allocator.normalCacheSize: 64
25.10.2019 19:13:04 DEBUG main io.netty.buffer.PooledByteBufAllocator - -Dio.netty.allocator.maxCachedBufferCapacity: 32768
25.10.2019 19:13:04 DEBUG main io.netty.buffer.PooledByteBufAllocator - -Dio.netty.allocator.cacheTrimInterval: 8192
25.10.2019 19:13:04 DEBUG main io.netty.buffer.PooledByteBufAllocator - -Dio.netty.allocator.useCacheForAllThreads: true
25.10.2019 19:13:04 DEBUG main io.netty.buffer.PooledByteBufAllocator - -Dio.netty.allocator.maxCachedByteBuffersPerChunk: 1023
25.10.2019 19:13:04 DEBUG main io.netty.buffer.ByteBufUtil - -Dio.netty.allocator.type: pooled
25.10.2019 19:13:04 DEBUG main io.netty.buffer.ByteBufUtil - -Dio.netty.threadLocalDirectBufferSize: 0
25.10.2019 19:13:04 DEBUG main io.netty.buffer.ByteBufUtil - -Dio.netty.maxThreadLocalCharBufferSize: 16384
25.10.2019 19:13:09 DEBUG main io.netty.util.internal.logging.InternalLoggerFactory - Using Log4J as the default logging framework
25.10.2019 19:13:09 DEBUG main io.netty.util.internal.PlatformDependent - Platform: Windows
25.10.2019 19:13:09 DEBUG main io.netty.util.internal.PlatformDependent0 - -Dio.netty.noUnsafe: false
25.10.2019 19:13:09 DEBUG main io.netty.util.internal.PlatformDependent0 - Java version: 8
25.10.2019 19:13:09 DEBUG main io.netty.util.internal.PlatformDependent0 - sun.misc.Unsafe.theUnsafe: available
25.10.2019 19:13:09 DEBUG main io.netty.util.internal.PlatformDependent0 - sun.misc.Unsafe.copyMemory: available
25.10.2019 19:13:09 DEBUG main io.netty.util.internal.PlatformDependent0 - java.nio.Buffer.address: available
25.10.2019 19:13:09 DEBUG main io.netty.util.internal.PlatformDependent0 - direct buffer constructor: available
25.10.2019 19:13:09 DEBUG main io.netty.util.internal.PlatformDependent0 - java.nio.Bits.unaligned: available, true
25.10.2019 19:13:09 DEBUG main io.netty.util.internal.PlatformDependent0 - jdk.internal.misc.Unsafe.allocateUninitializedArray(int): unavailable prior to Java9
25.10.2019 19:13:09 DEBUG main io.netty.util.internal.PlatformDependent0 - java.nio.DirectByteBuffer.<init>(long, int): available
25.10.2019 19:13:09 DEBUG main io.netty.util.internal.PlatformDependent - sun.misc.Unsafe: available
25.10.2019 19:13:09 DEBUG main io.netty.util.internal.PlatformDependent - -Dio.netty.tmpdir: C:\Users\VRMILL~1\AppData\Local\Temp (java.io.tmpdir)
25.10.2019 19:13:09 DEBUG main io.netty.util.internal.PlatformDependent - -Dio.netty.bitMode: 32 (sun.arch.data.model)
25.10.2019 19:13:09 DEBUG main io.netty.util.internal.PlatformDependent - -Dio.netty.maxDirectMemory: 259522560 bytes
25.10.2019 19:13:09 DEBUG main io.netty.util.internal.PlatformDependent - -Dio.netty.uninitializedArrayAllocationThreshold: -1
25.10.2019 19:13:09 DEBUG main io.netty.util.internal.CleanerJava6 - java.nio.ByteBuffer.cleaner(): available
25.10.2019 19:13:09 DEBUG main io.netty.util.internal.PlatformDependent - -Dio.netty.noPreferDirect: false
25.10.2019 19:13:09 DEBUG main io.netty.channel.MultithreadEventLoopGroup - -Dio.netty.eventLoopThreads: 16
25.10.2019 19:13:09 DEBUG main io.netty.channel.nio.NioEventLoop - -Dio.netty.noKeySetOptimization: false
25.10.2019 19:13:09 DEBUG main io.netty.channel.nio.NioEventLoop - -Dio.netty.selectorAutoRebuildThreshold: 512
25.10.2019 19:13:09 DEBUG main io.netty.util.internal.PlatformDependent - org.jctools-core.MpscChunkedArrayQueue: available
25.10.2019 19:13:09 DEBUG grpc-default-executor-0 io.netty.util.ResourceLeakDetector - -Dio.netty.leakDetection.level: simple
25.10.2019 19:13:09 DEBUG grpc-default-executor-0 io.netty.util.ResourceLeakDetector - -Dio.netty.leakDetection.targetRecords: 4
25.10.2019 19:13:09 DEBUG grpc-default-executor-0 io.netty.buffer.AbstractByteBuf - -Dio.netty.buffer.checkAccessible: true
25.10.2019 19:13:09 DEBUG grpc-default-executor-0 io.netty.buffer.AbstractByteBuf - -Dio.netty.buffer.checkBounds: true
25.10.2019 19:13:09 DEBUG grpc-default-executor-0 io.netty.util.ResourceLeakDetectorFactory - Loaded default ResourceLeakDetector: io.netty.util.ResourceLeakDetector@6a4247
25.10.2019 19:13:09 DEBUG grpc-default-executor-0 io.netty.util.internal.InternalThreadLocalMap - -Dio.netty.threadLocalMap.stringBuilder.initialSize: 1024
25.10.2019 19:13:09 DEBUG grpc-default-executor-0 io.netty.util.internal.InternalThreadLocalMap - -Dio.netty.threadLocalMap.stringBuilder.maxSize: 4096
25.10.2019 19:13:09 DEBUG grpc-default-executor-0 io.netty.channel.DefaultChannelId - -Dio.netty.processId: 17344 (auto-detected)
25.10.2019 19:13:09 DEBUG grpc-default-executor-0 io.netty.util.NetUtil - -Djava.net.preferIPv4Stack: false
25.10.2019 19:13:09 DEBUG grpc-default-executor-0 io.netty.util.NetUtil - -Djava.net.preferIPv6Addresses: false
25.10.2019 19:13:09 DEBUG grpc-default-executor-0 io.netty.util.NetUtil - Loopback interface: lo (Software Loopback Interface 1, 127.0.0.1)
25.10.2019 19:13:09 DEBUG grpc-default-executor-0 io.netty.util.NetUtil - Failed to get SOMAXCONN from sysctl and file \proc\sys\net\core\somaxconn. Default: 200
25.10.2019 19:13:09 DEBUG grpc-default-executor-0 io.netty.channel.DefaultChannelId - -Dio.netty.machineId: 3c:52:82:ff:fe:7b:c3:db (auto-detected)
25.10.2019 19:13:09 DEBUG grpc-default-executor-0 io.netty.buffer.PooledByteBufAllocator - -Dio.netty.allocator.numHeapArenas: 2
25.10.2019 19:13:09 DEBUG grpc-default-executor-0 io.netty.buffer.PooledByteBufAllocator - -Dio.netty.allocator.numDirectArenas: 2
25.10.2019 19:13:09 DEBUG grpc-default-executor-0 io.netty.buffer.PooledByteBufAllocator - -Dio.netty.allocator.pageSize: 8192
25.10.2019 19:13:09 DEBUG grpc-default-executor-0 io.netty.buffer.PooledByteBufAllocator - -Dio.netty.allocator.maxOrder: 11
25.10.2019 19:13:09 DEBUG grpc-default-executor-0 io.netty.buffer.PooledByteBufAllocator - -Dio.netty.allocator.chunkSize: 16777216
25.10.2019 19:13:09 DEBUG grpc-default-executor-0 io.netty.buffer.PooledByteBufAllocator - -Dio.netty.allocator.tinyCacheSize: 512
25.10.2019 19:13:09 DEBUG grpc-default-executor-0 io.netty.buffer.PooledByteBufAllocator - -Dio.netty.allocator.smallCacheSize: 256
25.10.2019 19:13:09 DEBUG grpc-default-executor-0 io.netty.buffer.PooledByteBufAllocator - -Dio.netty.allocator.normalCacheSize: 64
25.10.2019 19:13:09 DEBUG grpc-default-executor-0 io.netty.buffer.PooledByteBufAllocator - -Dio.netty.allocator.maxCachedBufferCapacity: 32768
25.10.2019 19:13:09 DEBUG grpc-default-executor-0 io.netty.buffer.PooledByteBufAllocator - -Dio.netty.allocator.cacheTrimInterval: 8192
25.10.2019 19:13:09 DEBUG grpc-default-executor-0 io.netty.buffer.PooledByteBufAllocator - -Dio.netty.allocator.useCacheForAllThreads: true
25.10.2019 19:13:09 DEBUG grpc-default-executor-0 io.netty.buffer.PooledByteBufAllocator - -Dio.netty.allocator.maxCachedByteBuffersPerChunk: 1023
25.10.2019 19:13:09 DEBUG grpc-default-executor-0 io.netty.buffer.ByteBufUtil - -Dio.netty.allocator.type: pooled
25.10.2019 19:13:09 DEBUG grpc-default-executor-0 io.netty.buffer.ByteBufUtil - -Dio.netty.threadLocalDirectBufferSize: 0
25.10.2019 19:13:10 DEBUG grpc-default-executor-0 io.netty.buffer.ByteBufUtil - -Dio.netty.maxThreadLocalCharBufferSize: 16384
25.10.2019 19:13:10 DEBUG grpc-default-executor-0 io.netty.util.Recycler - -Dio.netty.recycler.maxCapacityPerThread: 4096
25.10.2019 19:13:10 DEBUG grpc-default-executor-0 io.netty.util.Recycler - -Dio.netty.recycler.maxSharedCapacityFactor: 2
25.10.2019 19:13:10 DEBUG grpc-default-executor-0 io.netty.util.Recycler - -Dio.netty.recycler.linkCapacity: 16
25.10.2019 19:13:10 DEBUG grpc-default-executor-0 io.netty.util.Recycler - -Dio.netty.recycler.ratio: 8
25.10.2019 19:14:50 DEBUG main io.netty.util.internal.logging.InternalLoggerFactory - Using Log4J as the default logging framework
25.10.2019 19:14:50 DEBUG main io.netty.util.internal.PlatformDependent - Platform: Windows
25.10.2019 19:14:50 DEBUG main io.netty.util.internal.PlatformDependent0 - -Dio.netty.noUnsafe: false
25.10.2019 19:14:50 DEBUG main io.netty.util.internal.PlatformDependent0 - Java version: 8
25.10.2019 19:14:50 DEBUG main io.netty.util.internal.PlatformDependent0 - sun.misc.Unsafe.theUnsafe: available
25.10.2019 19:14:50 DEBUG main io.netty.util.internal.PlatformDependent0 - sun.misc.Unsafe.copyMemory: available
25.10.2019 19:14:50 DEBUG main io.netty.util.internal.PlatformDependent0 - java.nio.Buffer.address: available
25.10.2019 19:14:50 DEBUG main io.netty.util.internal.PlatformDependent0 - direct buffer constructor: available
25.10.2019 19:14:50 DEBUG main io.netty.util.internal.PlatformDependent0 - java.nio.Bits.unaligned: available, true
25.10.2019 19:14:50 DEBUG main io.netty.util.internal.PlatformDependent0 - jdk.internal.misc.Unsafe.allocateUninitializedArray(int): unavailable prior to Java9
25.10.2019 19:14:50 DEBUG main io.netty.util.internal.PlatformDependent0 - java.nio.DirectByteBuffer.<init>(long, int): available
25.10.2019 19:14:50 DEBUG main io.netty.util.internal.PlatformDependent - sun.misc.Unsafe: available
25.10.2019 19:14:50 DEBUG main io.netty.util.internal.PlatformDependent - -Dio.netty.tmpdir: C:\Users\VRMILL~1\AppData\Local\Temp (java.io.tmpdir)
25.10.2019 19:14:50 DEBUG main io.netty.util.internal.PlatformDependent - -Dio.netty.bitMode: 32 (sun.arch.data.model)
25.10.2019 19:14:50 DEBUG main io.netty.util.internal.PlatformDependent - -Dio.netty.maxDirectMemory: 259522560 bytes
25.10.2019 19:14:50 DEBUG main io.netty.util.internal.PlatformDependent - -Dio.netty.uninitializedArrayAllocationThreshold: -1
25.10.2019 19:14:50 DEBUG main io.netty.util.internal.CleanerJava6 - java.nio.ByteBuffer.cleaner(): available
25.10.2019 19:14:50 DEBUG main io.netty.util.internal.PlatformDependent - -Dio.netty.noPreferDirect: false
25.10.2019 19:14:50 DEBUG main io.netty.channel.MultithreadEventLoopGroup - -Dio.netty.eventLoopThreads: 16
25.10.2019 19:14:50 DEBUG main io.netty.channel.nio.NioEventLoop - -Dio.netty.noKeySetOptimization: false
25.10.2019 19:14:50 DEBUG main io.netty.channel.nio.NioEventLoop - -Dio.netty.selectorAutoRebuildThreshold: 512
25.10.2019 19:14:50 DEBUG main io.netty.util.internal.PlatformDependent - org.jctools-core.MpscChunkedArrayQueue: available
25.10.2019 19:14:51 DEBUG main io.netty.channel.DefaultChannelId - -Dio.netty.processId: 16088 (auto-detected)
25.10.2019 19:14:51 DEBUG main io.netty.util.NetUtil - -Djava.net.preferIPv4Stack: false
25.10.2019 19:14:51 DEBUG main io.netty.util.NetUtil - -Djava.net.preferIPv6Addresses: false
25.10.2019 19:14:51 DEBUG main io.netty.util.NetUtil - Loopback interface: lo (Software Loopback Interface 1, 127.0.0.1)
25.10.2019 19:14:51 DEBUG main io.netty.util.NetUtil - Failed to get SOMAXCONN from sysctl and file \proc\sys\net\core\somaxconn. Default: 200
25.10.2019 19:14:51 DEBUG main io.netty.channel.DefaultChannelId - -Dio.netty.machineId: 3c:52:82:ff:fe:7b:c3:db (auto-detected)
25.10.2019 19:14:51 DEBUG main io.netty.util.internal.InternalThreadLocalMap - -Dio.netty.threadLocalMap.stringBuilder.initialSize: 1024
25.10.2019 19:14:51 DEBUG main io.netty.util.internal.InternalThreadLocalMap - -Dio.netty.threadLocalMap.stringBuilder.maxSize: 4096
25.10.2019 19:14:51 DEBUG main io.netty.util.ResourceLeakDetector - -Dio.netty.leakDetection.level: simple
25.10.2019 19:14:51 DEBUG main io.netty.util.ResourceLeakDetector - -Dio.netty.leakDetection.targetRecords: 4
25.10.2019 19:14:51 DEBUG main io.netty.buffer.PooledByteBufAllocator - -Dio.netty.allocator.numHeapArenas: 2
25.10.2019 19:14:51 DEBUG main io.netty.buffer.PooledByteBufAllocator - -Dio.netty.allocator.numDirectArenas: 2
25.10.2019 19:14:51 DEBUG main io.netty.buffer.PooledByteBufAllocator - -Dio.netty.allocator.pageSize: 8192
25.10.2019 19:14:51 DEBUG main io.netty.buffer.PooledByteBufAllocator - -Dio.netty.allocator.maxOrder: 11
25.10.2019 19:14:51 DEBUG main io.netty.buffer.PooledByteBufAllocator - -Dio.netty.allocator.chunkSize: 16777216
25.10.2019 19:14:51 DEBUG main io.netty.buffer.PooledByteBufAllocator - -Dio.netty.allocator.tinyCacheSize: 512
25.10.2019 19:14:51 DEBUG main io.netty.buffer.PooledByteBufAllocator - -Dio.netty.allocator.smallCacheSize: 256
25.10.2019 19:14:51 DEBUG main io.netty.buffer.PooledByteBufAllocator - -Dio.netty.allocator.normalCacheSize: 64
25.10.2019 19:14:51 DEBUG main io.netty.buffer.PooledByteBufAllocator - -Dio.netty.allocator.maxCachedBufferCapacity: 32768
25.10.2019 19:14:51 DEBUG main io.netty.buffer.PooledByteBufAllocator - -Dio.netty.allocator.cacheTrimInterval: 8192
25.10.2019 19:14:51 DEBUG main io.netty.buffer.PooledByteBufAllocator - -Dio.netty.allocator.useCacheForAllThreads: true
25.10.2019 19:14:51 DEBUG main io.netty.buffer.PooledByteBufAllocator - -Dio.netty.allocator.maxCachedByteBuffersPerChunk: 1023
25.10.2019 19:14:51 DEBUG main io.netty.buffer.ByteBufUtil - -Dio.netty.allocator.type: pooled
25.10.2019 19:14:51 DEBUG main io.netty.buffer.ByteBufUtil - -Dio.netty.threadLocalDirectBufferSize: 0
25.10.2019 19:14:51 DEBUG main io.netty.buffer.ByteBufUtil - -Dio.netty.maxThreadLocalCharBufferSize: 16384
25.10.2019 19:14:54 DEBUG main io.netty.util.internal.logging.InternalLoggerFactory - Using Log4J as the default logging framework
25.10.2019 19:14:54 DEBUG main io.netty.util.internal.PlatformDependent - Platform: Windows
25.10.2019 19:14:54 DEBUG main io.netty.util.internal.PlatformDependent0 - -Dio.netty.noUnsafe: false
25.10.2019 19:14:54 DEBUG main io.netty.util.internal.PlatformDependent0 - Java version: 8
25.10.2019 19:14:54 DEBUG main io.netty.util.internal.PlatformDependent0 - sun.misc.Unsafe.theUnsafe: available
25.10.2019 19:14:54 DEBUG main io.netty.util.internal.PlatformDependent0 - sun.misc.Unsafe.copyMemory: available
25.10.2019 19:14:54 DEBUG main io.netty.util.internal.PlatformDependent0 - java.nio.Buffer.address: available
25.10.2019 19:14:54 DEBUG main io.netty.util.internal.PlatformDependent0 - direct buffer constructor: available
25.10.2019 19:14:54 DEBUG main io.netty.util.internal.PlatformDependent0 - java.nio.Bits.unaligned: available, true
25.10.2019 19:14:54 DEBUG main io.netty.util.internal.PlatformDependent0 - jdk.internal.misc.Unsafe.allocateUninitializedArray(int): unavailable prior to Java9
25.10.2019 19:14:54 DEBUG main io.netty.util.internal.PlatformDependent0 - java.nio.DirectByteBuffer.<init>(long, int): available
25.10.2019 19:14:54 DEBUG main io.netty.util.internal.PlatformDependent - sun.misc.Unsafe: available
25.10.2019 19:14:54 DEBUG main io.netty.util.internal.PlatformDependent - -Dio.netty.tmpdir: C:\Users\VRMILL~1\AppData\Local\Temp (java.io.tmpdir)
25.10.2019 19:14:54 DEBUG main io.netty.util.internal.PlatformDependent - -Dio.netty.bitMode: 32 (sun.arch.data.model)
25.10.2019 19:14:54 DEBUG main io.netty.util.internal.PlatformDependent - -Dio.netty.maxDirectMemory: 259522560 bytes
25.10.2019 19:14:54 DEBUG main io.netty.util.internal.PlatformDependent - -Dio.netty.uninitializedArrayAllocationThreshold: -1
25.10.2019 19:14:54 DEBUG main io.netty.util.internal.CleanerJava6 - java.nio.ByteBuffer.cleaner(): available
25.10.2019 19:14:54 DEBUG main io.netty.util.internal.PlatformDependent - -Dio.netty.noPreferDirect: false
25.10.2019 19:14:54 DEBUG main io.netty.channel.MultithreadEventLoopGroup - -Dio.netty.eventLoopThreads: 16
25.10.2019 19:14:54 DEBUG main io.netty.channel.nio.NioEventLoop - -Dio.netty.noKeySetOptimization: false
25.10.2019 19:14:54 DEBUG main io.netty.channel.nio.NioEventLoop - -Dio.netty.selectorAutoRebuildThreshold: 512
25.10.2019 19:14:54 DEBUG main io.netty.util.internal.PlatformDependent - org.jctools-core.MpscChunkedArrayQueue: available
25.10.2019 19:14:54 DEBUG grpc-default-executor-0 io.netty.util.ResourceLeakDetector - -Dio.netty.leakDetection.level: simple
25.10.2019 19:14:54 DEBUG grpc-default-executor-0 io.netty.util.ResourceLeakDetector - -Dio.netty.leakDetection.targetRecords: 4
25.10.2019 19:14:54 DEBUG grpc-default-executor-0 io.netty.buffer.AbstractByteBuf - -Dio.netty.buffer.checkAccessible: true
25.10.2019 19:14:54 DEBUG grpc-default-executor-0 io.netty.buffer.AbstractByteBuf - -Dio.netty.buffer.checkBounds: true
25.10.2019 19:14:54 DEBUG grpc-default-executor-0 io.netty.util.ResourceLeakDetectorFactory - Loaded default ResourceLeakDetector: io.netty.util.ResourceLeakDetector@6a4247
25.10.2019 19:14:54 DEBUG grpc-default-executor-0 io.netty.util.internal.InternalThreadLocalMap - -Dio.netty.threadLocalMap.stringBuilder.initialSize: 1024
25.10.2019 19:14:54 DEBUG grpc-default-executor-0 io.netty.util.internal.InternalThreadLocalMap - -Dio.netty.threadLocalMap.stringBuilder.maxSize: 4096
25.10.2019 19:14:54 DEBUG grpc-default-executor-0 io.netty.channel.DefaultChannelId - -Dio.netty.processId: 13316 (auto-detected)
25.10.2019 19:14:54 DEBUG grpc-default-executor-0 io.netty.util.NetUtil - -Djava.net.preferIPv4Stack: false
25.10.2019 19:14:54 DEBUG grpc-default-executor-0 io.netty.util.NetUtil - -Djava.net.preferIPv6Addresses: false
25.10.2019 19:14:54 DEBUG grpc-default-executor-0 io.netty.util.NetUtil - Loopback interface: lo (Software Loopback Interface 1, 127.0.0.1)
25.10.2019 19:14:54 DEBUG grpc-default-executor-0 io.netty.util.NetUtil - Failed to get SOMAXCONN from sysctl and file \proc\sys\net\core\somaxconn. Default: 200
25.10.2019 19:14:54 DEBUG grpc-default-executor-0 io.netty.channel.DefaultChannelId - -Dio.netty.machineId: 3c:52:82:ff:fe:7b:c3:db (auto-detected)
25.10.2019 19:14:54 DEBUG grpc-default-executor-0 io.netty.buffer.PooledByteBufAllocator - -Dio.netty.allocator.numHeapArenas: 2
25.10.2019 19:14:54 DEBUG grpc-default-executor-0 io.netty.buffer.PooledByteBufAllocator - -Dio.netty.allocator.numDirectArenas: 2
25.10.2019 19:14:54 DEBUG grpc-default-executor-0 io.netty.buffer.PooledByteBufAllocator - -Dio.netty.allocator.pageSize: 8192
25.10.2019 19:14:54 DEBUG grpc-default-executor-0 io.netty.buffer.PooledByteBufAllocator - -Dio.netty.allocator.maxOrder: 11
25.10.2019 19:14:54 DEBUG grpc-default-executor-0 io.netty.buffer.PooledByteBufAllocator - -Dio.netty.allocator.chunkSize: 16777216
25.10.2019 19:14:54 DEBUG grpc-default-executor-0 io.netty.buffer.PooledByteBufAllocator - -Dio.netty.allocator.tinyCacheSize: 512
25.10.2019 19:14:54 DEBUG grpc-default-executor-0 io.netty.buffer.PooledByteBufAllocator - -Dio.netty.allocator.smallCacheSize: 256
25.10.2019 19:14:54 DEBUG grpc-default-executor-0 io.netty.buffer.PooledByteBufAllocator - -Dio.netty.allocator.normalCacheSize: 64
25.10.2019 19:14:54 DEBUG grpc-default-executor-0 io.netty.buffer.PooledByteBufAllocator - -Dio.netty.allocator.maxCachedBufferCapacity: 32768
25.10.2019 19:14:54 DEBUG grpc-default-executor-0 io.netty.buffer.PooledByteBufAllocator - -Dio.netty.allocator.cacheTrimInterval: 8192
25.10.2019 19:14:54 DEBUG grpc-default-executor-0 io.netty.buffer.PooledByteBufAllocator - -Dio.netty.allocator.useCacheForAllThreads: true
25.10.2019 19:14:54 DEBUG grpc-default-executor-0 io.netty.buffer.PooledByteBufAllocator - -Dio.netty.allocator.maxCachedByteBuffersPerChunk: 1023
25.10.2019 19:14:54 DEBUG grpc-default-executor-0 io.netty.buffer.ByteBufUtil - -Dio.netty.allocator.type: pooled
25.10.2019 19:14:54 DEBUG grpc-default-executor-0 io.netty.buffer.ByteBufUtil - -Dio.netty.threadLocalDirectBufferSize: 0
25.10.2019 19:14:54 DEBUG grpc-default-executor-0 io.netty.buffer.ByteBufUtil - -Dio.netty.maxThreadLocalCharBufferSize: 16384
25.10.2019 19:14:54 DEBUG grpc-default-executor-0 io.netty.util.Recycler - -Dio.netty.recycler.maxCapacityPerThread: 4096
25.10.2019 19:14:54 DEBUG grpc-default-executor-0 io.netty.util.Recycler - -Dio.netty.recycler.maxSharedCapacityFactor: 2
25.10.2019 19:14:54 DEBUG grpc-default-executor-0 io.netty.util.Recycler - -Dio.netty.recycler.linkCapacity: 16
25.10.2019 19:14:54 DEBUG grpc-default-executor-0 io.netty.util.Recycler - -Dio.netty.recycler.ratio: 8
25.10.2019 19:14:54 DEBUG grpc-default-worker-ELG-1-2 io.grpc.netty.NettyClientHandler - [id: 0x329dcbb1, L:/127.0.0.1:60329 - R:localhost/127.0.0.1:50051] OUTBOUND SETTINGS: ack=false settings={ENABLE_PUSH=0, MAX_CONCURRENT_STREAMS=0, INITIAL_WINDOW_SIZE=1048576, MAX_HEADER_LIST_SIZE=8192}
25.10.2019 19:14:54 DEBUG grpc-default-worker-ELG-1-2 io.grpc.netty.NettyClientHandler - [id: 0x329dcbb1, L:/127.0.0.1:60329 - R:localhost/127.0.0.1:50051] OUTBOUND WINDOW_UPDATE: streamId=0 windowSizeIncrement=983041
25.10.2019 19:14:54 DEBUG grpc-default-worker-ELG-3-1 io.netty.buffer.AbstractByteBuf - -Dio.netty.buffer.checkAccessible: true
25.10.2019 19:14:54 DEBUG grpc-default-worker-ELG-3-1 io.netty.buffer.AbstractByteBuf - -Dio.netty.buffer.checkBounds: true
25.10.2019 19:14:54 DEBUG grpc-default-worker-ELG-3-1 io.netty.util.ResourceLeakDetectorFactory - Loaded default ResourceLeakDetector: io.netty.util.ResourceLeakDetector@1f84248
25.10.2019 19:14:55 DEBUG grpc-default-worker-ELG-3-1 io.grpc.netty.NettyServerHandler - [id: 0xde88b1ad, L:/127.0.0.1:50051 - R:/127.0.0.1:60329] OUTBOUND SETTINGS: ack=false settings={MAX_CONCURRENT_STREAMS=2147483647, INITIAL_WINDOW_SIZE=1048576, MAX_HEADER_LIST_SIZE=8192}
25.10.2019 19:14:55 DEBUG grpc-default-worker-ELG-3-1 io.netty.util.Recycler - -Dio.netty.recycler.maxCapacityPerThread: 4096
25.10.2019 19:14:55 DEBUG grpc-default-worker-ELG-3-1 io.netty.util.Recycler - -Dio.netty.recycler.maxSharedCapacityFactor: 2
25.10.2019 19:14:55 DEBUG grpc-default-worker-ELG-3-1 io.netty.util.Recycler - -Dio.netty.recycler.linkCapacity: 16
25.10.2019 19:14:55 DEBUG grpc-default-worker-ELG-3-1 io.netty.util.Recycler - -Dio.netty.recycler.ratio: 8
25.10.2019 19:14:55 DEBUG grpc-default-worker-ELG-3-1 io.grpc.netty.NettyServerHandler - [id: 0xde88b1ad, L:/127.0.0.1:50051 - R:/127.0.0.1:60329] OUTBOUND WINDOW_UPDATE: streamId=0 windowSizeIncrement=983041
25.10.2019 19:14:55 DEBUG grpc-default-worker-ELG-1-2 io.grpc.netty.NettyClientHandler - [id: 0x329dcbb1, L:/127.0.0.1:60329 - R:localhost/127.0.0.1:50051] INBOUND SETTINGS: ack=false settings={MAX_CONCURRENT_STREAMS=2147483647, INITIAL_WINDOW_SIZE=1048576, MAX_HEADER_LIST_SIZE=8192}
25.10.2019 19:14:55 DEBUG grpc-default-worker-ELG-3-1 io.grpc.netty.NettyServerHandler - [id: 0xde88b1ad, L:/127.0.0.1:50051 - R:/127.0.0.1:60329] INBOUND SETTINGS: ack=false settings={ENABLE_PUSH=0, MAX_CONCURRENT_STREAMS=0, INITIAL_WINDOW_SIZE=1048576, MAX_HEADER_LIST_SIZE=8192}
25.10.2019 19:14:55 DEBUG grpc-default-worker-ELG-3-1 io.grpc.netty.NettyServerHandler - [id: 0xde88b1ad, L:/127.0.0.1:50051 - R:/127.0.0.1:60329] OUTBOUND SETTINGS: ack=true
25.10.2019 19:14:55 DEBUG grpc-default-worker-ELG-3-1 io.grpc.netty.NettyServerHandler - [id: 0xde88b1ad, L:/127.0.0.1:50051 - R:/127.0.0.1:60329] INBOUND WINDOW_UPDATE: streamId=0 windowSizeIncrement=983041
25.10.2019 19:14:55 DEBUG grpc-default-worker-ELG-1-2 io.grpc.netty.NettyClientHandler - [id: 0x329dcbb1, L:/127.0.0.1:60329 - R:localhost/127.0.0.1:50051] OUTBOUND SETTINGS: ack=true
25.10.2019 19:14:55 DEBUG grpc-default-worker-ELG-1-2 io.grpc.netty.NettyClientHandler - [id: 0x329dcbb1, L:/127.0.0.1:60329 - R:localhost/127.0.0.1:50051] INBOUND WINDOW_UPDATE: streamId=0 windowSizeIncrement=983041
25.10.2019 19:14:55 DEBUG grpc-default-worker-ELG-3-1 io.grpc.netty.NettyServerHandler - [id: 0xde88b1ad, L:/127.0.0.1:50051 - R:/127.0.0.1:60329] INBOUND SETTINGS: ack=true
25.10.2019 19:14:55 DEBUG grpc-default-worker-ELG-1-2 io.grpc.netty.NettyClientHandler - [id: 0x329dcbb1, L:/127.0.0.1:60329 - R:localhost/127.0.0.1:50051] INBOUND SETTINGS: ack=true
25.10.2019 19:14:55 DEBUG grpc-default-worker-ELG-1-2 io.grpc.netty.NettyClientHandler - [id: 0x329dcbb1, L:/127.0.0.1:60329 - R:localhost/127.0.0.1:50051] OUTBOUND HEADERS: streamId=3 headers=GrpcHttp2OutboundHeaders[:authority: localhost:50051, :path: /com.scm.resources.MessageHandler/connect, :method: POST, :scheme: http, content-type: application/grpc, te: trailers, user-agent: grpc-java-netty/1.20.0, grpc-accept-encoding: gzip] streamDependency=0 weight=16 exclusive=false padding=0 endStream=false
25.10.2019 19:14:55 DEBUG grpc-default-worker-ELG-1-2 io.grpc.netty.NettyClientHandler - [id: 0x329dcbb1, L:/127.0.0.1:60329 - R:localhost/127.0.0.1:50051] OUTBOUND DATA: streamId=3 padding=0 endStream=true length=21 bytes=00000000100a0e6c6f63616c686f73743530303531
25.10.2019 19:14:55 DEBUG grpc-default-worker-ELG-3-1 io.grpc.netty.NettyServerHandler - [id: 0xde88b1ad, L:/127.0.0.1:50051 - R:/127.0.0.1:60329] INBOUND HEADERS: streamId=3 headers=GrpcHttp2RequestHeaders[:path: /com.scm.resources.MessageHandler/connect, :authority: localhost:50051, :method: POST, :scheme: http, te: trailers, content-type: application/grpc, user-agent: grpc-java-netty/1.20.0, grpc-accept-encoding: gzip] streamDependency=0 weight=16 exclusive=false padding=0 endStream=false
25.10.2019 19:14:55 DEBUG grpc-default-worker-ELG-3-1 io.grpc.netty.NettyServerHandler - [id: 0xde88b1ad, L:/127.0.0.1:50051 - R:/127.0.0.1:60329] INBOUND DATA: streamId=3 padding=0 endStream=true length=21 bytes=00000000100a0e6c6f63616c686f73743530303531
25.10.2019 19:14:55 DEBUG grpc-default-worker-ELG-3-1 io.grpc.netty.NettyServerHandler - [id: 0xde88b1ad, L:/127.0.0.1:50051 - R:/127.0.0.1:60329] OUTBOUND HEADERS: streamId=3 headers=GrpcHttp2OutboundHeaders[:status: 200, content-type: application/grpc, grpc-encoding: identity, grpc-accept-encoding: gzip] streamDependency=0 weight=16 exclusive=false padding=0 endStream=false
25.10.2019 19:14:55 DEBUG grpc-default-worker-ELG-1-2 io.grpc.netty.NettyClientHandler - [id: 0x329dcbb1, L:/127.0.0.1:60329 - R:localhost/127.0.0.1:50051] INBOUND HEADERS: streamId=3 headers=GrpcHttp2ResponseHeaders[:status: 200, content-type: application/grpc, grpc-encoding: identity, grpc-accept-encoding: gzip] streamDependency=0 weight=16 exclusive=false padding=0 endStream=false
25.10.2019 19:14:55 DEBUG grpc-default-worker-ELG-3-1 io.grpc.netty.NettyServerHandler - [id: 0xde88b1ad, L:/127.0.0.1:50051 - R:/127.0.0.1:60329] OUTBOUND DATA: streamId=3 padding=0 endStream=false length=7 bytes=00000000020801
25.10.2019 19:14:55 DEBUG grpc-default-worker-ELG-3-1 io.grpc.netty.NettyServerHandler - [id: 0xde88b1ad, L:/127.0.0.1:50051 - R:/127.0.0.1:60329] OUTBOUND HEADERS: streamId=3 headers=GrpcHttp2OutboundHeaders[grpc-status: 0] streamDependency=0 weight=16 exclusive=false padding=0 endStream=true
25.10.2019 19:14:55 DEBUG grpc-default-worker-ELG-1-2 io.grpc.netty.NettyClientHandler - [id: 0x329dcbb1, L:/127.0.0.1:60329 - R:localhost/127.0.0.1:50051] INBOUND DATA: streamId=3 padding=0 endStream=false length=7 bytes=00000000020801
25.10.2019 19:14:55 DEBUG grpc-default-worker-ELG-1-2 io.grpc.netty.NettyClientHandler - [id: 0x329dcbb1, L:/127.0.0.1:60329 - R:localhost/127.0.0.1:50051] INBOUND HEADERS: streamId=3 headers=GrpcHttp2ResponseHeaders[grpc-status: 0] streamDependency=0 weight=16 exclusive=false padding=0 endStream=true
25.10.2019 19:14:55 DEBUG grpc-default-worker-ELG-1-2 io.grpc.netty.NettyClientHandler - [id: 0x329dcbb1, L:/127.0.0.1:60329 - R:localhost/127.0.0.1:50051] OUTBOUND HEADERS: streamId=5 headers=GrpcHttp2OutboundHeaders[:authority: localhost:50051, :path: /com.scm.resources.MessageHandler/getGroups, :method: POST, :scheme: http, content-type: application/grpc, te: trailers, user-agent: grpc-java-netty/1.20.0, grpc-accept-encoding: gzip] streamDependency=0 weight=16 exclusive=false padding=0 endStream=false
25.10.2019 19:14:55 DEBUG grpc-default-worker-ELG-1-2 io.grpc.netty.NettyClientHandler - [id: 0x329dcbb1, L:/127.0.0.1:60329 - R:localhost/127.0.0.1:50051] OUTBOUND DATA: streamId=5 padding=0 endStream=true length=16 bytes=000000000b0a0947657447726f757073
25.10.2019 19:14:55 DEBUG grpc-default-worker-ELG-3-1 io.grpc.netty.NettyServerHandler - [id: 0xde88b1ad, L:/127.0.0.1:50051 - R:/127.0.0.1:60329] INBOUND HEADERS: streamId=5 headers=GrpcHttp2RequestHeaders[:path: /com.scm.resources.MessageHandler/getGroups, :authority: localhost:50051, :method: POST, :scheme: http, te: trailers, content-type: application/grpc, user-agent: grpc-java-netty/1.20.0, grpc-accept-encoding: gzip] streamDependency=0 weight=16 exclusive=false padding=0 endStream=false
25.10.2019 19:14:55 DEBUG grpc-default-worker-ELG-3-1 io.grpc.netty.NettyServerHandler - [id: 0xde88b1ad, L:/127.0.0.1:50051 - R:/127.0.0.1:60329] INBOUND DATA: streamId=5 padding=0 endStream=true length=16 bytes=000000000b0a0947657447726f757073
25.10.2019 19:14:55 DEBUG grpc-default-worker-ELG-3-1 io.grpc.netty.NettyServerHandler - [id: 0xde88b1ad, L:/127.0.0.1:50051 - R:/127.0.0.1:60329] OUTBOUND HEADERS: streamId=5 headers=GrpcHttp2OutboundHeaders[:status: 200, content-type: application/grpc, grpc-encoding: identity, grpc-accept-encoding: gzip] streamDependency=0 weight=16 exclusive=false padding=0 endStream=false
25.10.2019 19:14:55 DEBUG grpc-default-worker-ELG-3-1 io.grpc.netty.NettyServerHandler - [id: 0xde88b1ad, L:/127.0.0.1:50051 - R:/127.0.0.1:60329] OUTBOUND DATA: streamId=5 padding=0 endStream=false length=214 bytes=00000000d10a0241420a094164764d616e4c61620a04434e43310a04434e43320a0d434e43325f32303139303732350a04434e43330a0d434e43335f32303139...
25.10.2019 19:14:55 DEBUG grpc-default-worker-ELG-3-1 io.grpc.netty.NettyServerHandler - [id: 0xde88b1ad, L:/127.0.0.1:50051 - R:/127.0.0.1:60329] OUTBOUND HEADERS: streamId=5 headers=GrpcHttp2OutboundHeaders[grpc-status: 0] streamDependency=0 weight=16 exclusive=false padding=0 endStream=true
25.10.2019 19:14:55 DEBUG grpc-default-worker-ELG-1-2 io.grpc.netty.NettyClientHandler - [id: 0x329dcbb1, L:/127.0.0.1:60329 - R:localhost/127.0.0.1:50051] INBOUND HEADERS: streamId=5 headers=GrpcHttp2ResponseHeaders[:status: 200, content-type: application/grpc, grpc-encoding: identity, grpc-accept-encoding: gzip] streamDependency=0 weight=16 exclusive=false padding=0 endStream=false
25.10.2019 19:14:55 DEBUG grpc-default-worker-ELG-1-2 io.grpc.netty.NettyClientHandler - [id: 0x329dcbb1, L:/127.0.0.1:60329 - R:localhost/127.0.0.1:50051] INBOUND DATA: streamId=5 padding=0 endStream=false length=214 bytes=00000000d10a0241420a094164764d616e4c61620a04434e43310a04434e43320a0d434e43325f32303139303732350a04434e43330a0d434e43335f32303139...
25.10.2019 19:14:55 DEBUG grpc-default-worker-ELG-1-2 io.grpc.netty.NettyClientHandler - [id: 0x329dcbb1, L:/127.0.0.1:60329 - R:localhost/127.0.0.1:50051] INBOUND HEADERS: streamId=5 headers=GrpcHttp2ResponseHeaders[grpc-status: 0] streamDependency=0 weight=16 exclusive=false padding=0 endStream=true
25.10.2019 19:14:55 DEBUG grpc-default-worker-ELG-3-1 io.grpc.netty.NettyServerHandler - [id: 0xde88b1ad, L:/127.0.0.1:50051 - R:/127.0.0.1:60329] OUTBOUND GO_AWAY: lastStreamId=5 errorCode=2 length=61 bytes=416e206578697374696e6720636f6e6e656374696f6e2077617320666f726369626c7920636c6f736564206279207468652072656d6f746520686f7374
25.10.2019 19:14:55 DEBUG grpc-default-worker-ELG-3-1 io.netty.handler.codec.http2.Http2ConnectionHandler - [id: 0xde88b1ad, L:/127.0.0.1:50051 ! R:/127.0.0.1:60329] Sending GOAWAY failed: lastStreamId '5', errorCode '2', debugData 'An existing connection was forcibly closed by the remote host'. Forcing shutdown of the connection.
java.io.IOException: An existing connection was forcibly closed by the remote host
	at sun.nio.ch.SocketDispatcher.writev0(Native Method)
	at sun.nio.ch.SocketDispatcher.writev(SocketDispatcher.java:55)
	at sun.nio.ch.IOUtil.write(IOUtil.java:148)
	at sun.nio.ch.SocketChannelImpl.write(SocketChannelImpl.java:504)
	at io.netty.channel.socket.nio.NioSocketChannel.doWrite(NioSocketChannel.java:420)
	at io.netty.channel.AbstractChannel$AbstractUnsafe.flush0(AbstractChannel.java:939)
	at io.netty.channel.nio.AbstractNioChannel$AbstractNioUnsafe.flush0(AbstractNioChannel.java:360)
	at io.netty.channel.AbstractChannel$AbstractUnsafe.flush(AbstractChannel.java:906)
	at io.netty.channel.DefaultChannelPipeline$HeadContext.flush(DefaultChannelPipeline.java:1370)
	at io.netty.channel.AbstractChannelHandlerContext.invokeFlush0(AbstractChannelHandlerContext.java:739)
	at io.netty.channel.AbstractChannelHandlerContext.invokeFlush(AbstractChannelHandlerContext.java:731)
	at io.netty.channel.AbstractChannelHandlerContext.flush(AbstractChannelHandlerContext.java:717)
	at io.netty.handler.codec.http2.Http2ConnectionHandler.onError(Http2ConnectionHandler.java:629)
	at io.grpc.netty.AbstractNettyHandler.exceptionCaught(AbstractNettyHandler.java:81)
	at io.netty.channel.AbstractChannelHandlerContext.invokeExceptionCaught(AbstractChannelHandlerContext.java:282)
	at io.netty.channel.AbstractChannelHandlerContext.invokeExceptionCaught(AbstractChannelHandlerContext.java:261)
	at io.netty.channel.AbstractChannelHandlerContext.fireExceptionCaught(AbstractChannelHandlerContext.java:253)
	at io.netty.channel.DefaultChannelPipeline$HeadContext.exceptionCaught(DefaultChannelPipeline.java:1375)
	at io.netty.channel.AbstractChannelHandlerContext.invokeExceptionCaught(AbstractChannelHandlerContext.java:282)
	at io.netty.channel.AbstractChannelHandlerContext.invokeExceptionCaught(AbstractChannelHandlerContext.java:261)
	at io.netty.channel.DefaultChannelPipeline.fireExceptionCaught(DefaultChannelPipeline.java:918)
	at io.netty.channel.nio.AbstractNioByteChannel$NioByteUnsafe.handleReadException(AbstractNioByteChannel.java:125)
	at io.netty.channel.nio.AbstractNioByteChannel$NioByteUnsafe.read(AbstractNioByteChannel.java:174)
	at io.netty.channel.nio.NioEventLoop.processSelectedKey(NioEventLoop.java:677)
	at io.netty.channel.nio.NioEventLoop.processSelectedKeysOptimized(NioEventLoop.java:612)
	at io.netty.channel.nio.NioEventLoop.processSelectedKeys(NioEventLoop.java:529)
	at io.netty.channel.nio.NioEventLoop.run(NioEventLoop.java:491)
	at io.netty.util.concurrent.SingleThreadEventExecutor$5.run(SingleThreadEventExecutor.java:905)
	at io.netty.util.concurrent.FastThreadLocalRunnable.run(FastThreadLocalRunnable.java:30)
	at java.lang.Thread.run(Thread.java:745)
25.10.2019 19:15:41 DEBUG main io.netty.util.internal.logging.InternalLoggerFactory - Using Log4J as the default logging framework
25.10.2019 19:15:41 DEBUG main io.netty.util.internal.PlatformDependent - Platform: Windows
25.10.2019 19:15:41 DEBUG main io.netty.util.internal.PlatformDependent0 - -Dio.netty.noUnsafe: false
25.10.2019 19:15:41 DEBUG main io.netty.util.internal.PlatformDependent0 - Java version: 8
25.10.2019 19:15:41 DEBUG main io.netty.util.internal.PlatformDependent0 - sun.misc.Unsafe.theUnsafe: available
25.10.2019 19:15:41 DEBUG main io.netty.util.internal.PlatformDependent0 - sun.misc.Unsafe.copyMemory: available
25.10.2019 19:15:41 DEBUG main io.netty.util.internal.PlatformDependent0 - java.nio.Buffer.address: available
25.10.2019 19:15:41 DEBUG main io.netty.util.internal.PlatformDependent0 - direct buffer constructor: available
25.10.2019 19:15:41 DEBUG main io.netty.util.internal.PlatformDependent0 - java.nio.Bits.unaligned: available, true
25.10.2019 19:15:41 DEBUG main io.netty.util.internal.PlatformDependent0 - jdk.internal.misc.Unsafe.allocateUninitializedArray(int): unavailable prior to Java9
25.10.2019 19:15:41 DEBUG main io.netty.util.internal.PlatformDependent0 - java.nio.DirectByteBuffer.<init>(long, int): available
25.10.2019 19:15:41 DEBUG main io.netty.util.internal.PlatformDependent - sun.misc.Unsafe: available
25.10.2019 19:15:41 DEBUG main io.netty.util.internal.PlatformDependent - -Dio.netty.tmpdir: C:\Users\VRMILL~1\AppData\Local\Temp (java.io.tmpdir)
25.10.2019 19:15:41 DEBUG main io.netty.util.internal.PlatformDependent - -Dio.netty.bitMode: 32 (sun.arch.data.model)
25.10.2019 19:15:41 DEBUG main io.netty.util.internal.PlatformDependent - -Dio.netty.maxDirectMemory: 259522560 bytes
25.10.2019 19:15:41 DEBUG main io.netty.util.internal.PlatformDependent - -Dio.netty.uninitializedArrayAllocationThreshold: -1
25.10.2019 19:15:41 DEBUG main io.netty.util.internal.CleanerJava6 - java.nio.ByteBuffer.cleaner(): available
25.10.2019 19:15:41 DEBUG main io.netty.util.internal.PlatformDependent - -Dio.netty.noPreferDirect: false
25.10.2019 19:15:41 DEBUG main io.netty.channel.MultithreadEventLoopGroup - -Dio.netty.eventLoopThreads: 16
25.10.2019 19:15:41 DEBUG main io.netty.channel.nio.NioEventLoop - -Dio.netty.noKeySetOptimization: false
25.10.2019 19:15:41 DEBUG main io.netty.channel.nio.NioEventLoop - -Dio.netty.selectorAutoRebuildThreshold: 512
25.10.2019 19:15:41 DEBUG main io.netty.util.internal.PlatformDependent - org.jctools-core.MpscChunkedArrayQueue: available
25.10.2019 19:15:41 DEBUG grpc-default-executor-0 io.netty.util.ResourceLeakDetector - -Dio.netty.leakDetection.level: simple
25.10.2019 19:15:41 DEBUG grpc-default-executor-0 io.netty.util.ResourceLeakDetector - -Dio.netty.leakDetection.targetRecords: 4
25.10.2019 19:15:41 DEBUG grpc-default-executor-0 io.netty.buffer.AbstractByteBuf - -Dio.netty.buffer.checkAccessible: true
25.10.2019 19:15:41 DEBUG grpc-default-executor-0 io.netty.buffer.AbstractByteBuf - -Dio.netty.buffer.checkBounds: true
25.10.2019 19:15:41 DEBUG grpc-default-executor-0 io.netty.util.ResourceLeakDetectorFactory - Loaded default ResourceLeakDetector: io.netty.util.ResourceLeakDetector@d2260
25.10.2019 19:15:41 DEBUG grpc-default-executor-0 io.netty.util.internal.InternalThreadLocalMap - -Dio.netty.threadLocalMap.stringBuilder.initialSize: 1024
25.10.2019 19:15:41 DEBUG grpc-default-executor-0 io.netty.util.internal.InternalThreadLocalMap - -Dio.netty.threadLocalMap.stringBuilder.maxSize: 4096
25.10.2019 19:15:41 DEBUG grpc-default-executor-0 io.netty.channel.DefaultChannelId - -Dio.netty.processId: 16008 (auto-detected)
25.10.2019 19:15:41 DEBUG grpc-default-executor-0 io.netty.util.NetUtil - -Djava.net.preferIPv4Stack: false
25.10.2019 19:15:41 DEBUG grpc-default-executor-0 io.netty.util.NetUtil - -Djava.net.preferIPv6Addresses: false
25.10.2019 19:15:42 DEBUG grpc-default-executor-0 io.netty.util.NetUtil - Loopback interface: lo (Software Loopback Interface 1, 127.0.0.1)
25.10.2019 19:15:42 DEBUG grpc-default-executor-0 io.netty.util.NetUtil - Failed to get SOMAXCONN from sysctl and file \proc\sys\net\core\somaxconn. Default: 200
25.10.2019 19:15:42 DEBUG grpc-default-executor-0 io.netty.channel.DefaultChannelId - -Dio.netty.machineId: 3c:52:82:ff:fe:7b:c3:db (auto-detected)
25.10.2019 19:15:42 DEBUG grpc-default-executor-0 io.netty.buffer.PooledByteBufAllocator - -Dio.netty.allocator.numHeapArenas: 2
25.10.2019 19:15:42 DEBUG grpc-default-executor-0 io.netty.buffer.PooledByteBufAllocator - -Dio.netty.allocator.numDirectArenas: 2
25.10.2019 19:15:42 DEBUG grpc-default-executor-0 io.netty.buffer.PooledByteBufAllocator - -Dio.netty.allocator.pageSize: 8192
25.10.2019 19:15:42 DEBUG grpc-default-executor-0 io.netty.buffer.PooledByteBufAllocator - -Dio.netty.allocator.maxOrder: 11
25.10.2019 19:15:42 DEBUG grpc-default-executor-0 io.netty.buffer.PooledByteBufAllocator - -Dio.netty.allocator.chunkSize: 16777216
25.10.2019 19:15:42 DEBUG grpc-default-executor-0 io.netty.buffer.PooledByteBufAllocator - -Dio.netty.allocator.tinyCacheSize: 512
25.10.2019 19:15:42 DEBUG grpc-default-executor-0 io.netty.buffer.PooledByteBufAllocator - -Dio.netty.allocator.smallCacheSize: 256
25.10.2019 19:15:42 DEBUG grpc-default-executor-0 io.netty.buffer.PooledByteBufAllocator - -Dio.netty.allocator.normalCacheSize: 64
25.10.2019 19:15:42 DEBUG grpc-default-executor-0 io.netty.buffer.PooledByteBufAllocator - -Dio.netty.allocator.maxCachedBufferCapacity: 32768
25.10.2019 19:15:42 DEBUG grpc-default-executor-0 io.netty.buffer.PooledByteBufAllocator - -Dio.netty.allocator.cacheTrimInterval: 8192
25.10.2019 19:15:42 DEBUG grpc-default-executor-0 io.netty.buffer.PooledByteBufAllocator - -Dio.netty.allocator.useCacheForAllThreads: true
25.10.2019 19:15:42 DEBUG grpc-default-executor-0 io.netty.buffer.PooledByteBufAllocator - -Dio.netty.allocator.maxCachedByteBuffersPerChunk: 1023
25.10.2019 19:15:42 DEBUG grpc-default-executor-0 io.netty.buffer.ByteBufUtil - -Dio.netty.allocator.type: pooled
25.10.2019 19:15:42 DEBUG grpc-default-executor-0 io.netty.buffer.ByteBufUtil - -Dio.netty.threadLocalDirectBufferSize: 0
25.10.2019 19:15:42 DEBUG grpc-default-executor-0 io.netty.buffer.ByteBufUtil - -Dio.netty.maxThreadLocalCharBufferSize: 16384
25.10.2019 19:15:42 DEBUG grpc-default-executor-0 io.netty.util.Recycler - -Dio.netty.recycler.maxCapacityPerThread: 4096
25.10.2019 19:15:42 DEBUG grpc-default-executor-0 io.netty.util.Recycler - -Dio.netty.recycler.maxSharedCapacityFactor: 2
25.10.2019 19:15:42 DEBUG grpc-default-executor-0 io.netty.util.Recycler - -Dio.netty.recycler.linkCapacity: 16
25.10.2019 19:15:42 DEBUG grpc-default-executor-0 io.netty.util.Recycler - -Dio.netty.recycler.ratio: 8
25.10.2019 19:15:42 DEBUG grpc-default-worker-ELG-3-2 io.grpc.netty.NettyServerHandler - [id: 0x93f53d53, L:/127.0.0.1:50051 - R:/127.0.0.1:60369] OUTBOUND SETTINGS: ack=false settings={MAX_CONCURRENT_STREAMS=2147483647, INITIAL_WINDOW_SIZE=1048576, MAX_HEADER_LIST_SIZE=8192}
25.10.2019 19:15:42 DEBUG grpc-default-worker-ELG-3-2 io.grpc.netty.NettyServerHandler - [id: 0x93f53d53, L:/127.0.0.1:50051 - R:/127.0.0.1:60369] OUTBOUND WINDOW_UPDATE: streamId=0 windowSizeIncrement=983041
25.10.2019 19:15:42 DEBUG grpc-default-worker-ELG-1-2 io.grpc.netty.NettyClientHandler - [id: 0x163dfa1d, L:/127.0.0.1:60369 - R:localhost/127.0.0.1:50051] OUTBOUND SETTINGS: ack=false settings={ENABLE_PUSH=0, MAX_CONCURRENT_STREAMS=0, INITIAL_WINDOW_SIZE=1048576, MAX_HEADER_LIST_SIZE=8192}
25.10.2019 19:15:42 DEBUG grpc-default-worker-ELG-1-2 io.grpc.netty.NettyClientHandler - [id: 0x163dfa1d, L:/127.0.0.1:60369 - R:localhost/127.0.0.1:50051] OUTBOUND WINDOW_UPDATE: streamId=0 windowSizeIncrement=983041
25.10.2019 19:15:42 DEBUG grpc-default-worker-ELG-3-2 io.grpc.netty.NettyServerHandler - [id: 0x93f53d53, L:/127.0.0.1:50051 - R:/127.0.0.1:60369] INBOUND SETTINGS: ack=false settings={ENABLE_PUSH=0, MAX_CONCURRENT_STREAMS=0, INITIAL_WINDOW_SIZE=1048576, MAX_HEADER_LIST_SIZE=8192}
25.10.2019 19:15:42 DEBUG grpc-default-worker-ELG-3-2 io.grpc.netty.NettyServerHandler - [id: 0x93f53d53, L:/127.0.0.1:50051 - R:/127.0.0.1:60369] OUTBOUND SETTINGS: ack=true
25.10.2019 19:15:42 DEBUG grpc-default-worker-ELG-3-2 io.grpc.netty.NettyServerHandler - [id: 0x93f53d53, L:/127.0.0.1:50051 - R:/127.0.0.1:60369] INBOUND WINDOW_UPDATE: streamId=0 windowSizeIncrement=983041
25.10.2019 19:15:42 DEBUG grpc-default-worker-ELG-1-2 io.grpc.netty.NettyClientHandler - [id: 0x163dfa1d, L:/127.0.0.1:60369 - R:localhost/127.0.0.1:50051] INBOUND SETTINGS: ack=false settings={MAX_CONCURRENT_STREAMS=2147483647, INITIAL_WINDOW_SIZE=1048576, MAX_HEADER_LIST_SIZE=8192}
25.10.2019 19:15:42 DEBUG grpc-default-worker-ELG-1-2 io.grpc.netty.NettyClientHandler - [id: 0x163dfa1d, L:/127.0.0.1:60369 - R:localhost/127.0.0.1:50051] OUTBOUND SETTINGS: ack=true
25.10.2019 19:15:42 DEBUG grpc-default-worker-ELG-1-2 io.grpc.netty.NettyClientHandler - [id: 0x163dfa1d, L:/127.0.0.1:60369 - R:localhost/127.0.0.1:50051] INBOUND WINDOW_UPDATE: streamId=0 windowSizeIncrement=983041
25.10.2019 19:15:42 DEBUG grpc-default-worker-ELG-1-2 io.grpc.netty.NettyClientHandler - [id: 0x163dfa1d, L:/127.0.0.1:60369 - R:localhost/127.0.0.1:50051] INBOUND SETTINGS: ack=true
25.10.2019 19:15:42 DEBUG grpc-default-worker-ELG-3-2 io.grpc.netty.NettyServerHandler - [id: 0x93f53d53, L:/127.0.0.1:50051 - R:/127.0.0.1:60369] INBOUND SETTINGS: ack=true
25.10.2019 19:15:42 DEBUG grpc-default-worker-ELG-1-2 io.grpc.netty.NettyClientHandler - [id: 0x163dfa1d, L:/127.0.0.1:60369 - R:localhost/127.0.0.1:50051] OUTBOUND HEADERS: streamId=3 headers=GrpcHttp2OutboundHeaders[:authority: localhost:50051, :path: /com.scm.resources.MessageHandler/connect, :method: POST, :scheme: http, content-type: application/grpc, te: trailers, user-agent: grpc-java-netty/1.20.0, grpc-accept-encoding: gzip] streamDependency=0 weight=16 exclusive=false padding=0 endStream=false
25.10.2019 19:15:42 DEBUG grpc-default-worker-ELG-1-2 io.grpc.netty.NettyClientHandler - [id: 0x163dfa1d, L:/127.0.0.1:60369 - R:localhost/127.0.0.1:50051] OUTBOUND DATA: streamId=3 padding=0 endStream=true length=21 bytes=00000000100a0e6c6f63616c686f73743530303531
25.10.2019 19:15:42 DEBUG grpc-default-worker-ELG-3-2 io.grpc.netty.NettyServerHandler - [id: 0x93f53d53, L:/127.0.0.1:50051 - R:/127.0.0.1:60369] INBOUND HEADERS: streamId=3 headers=GrpcHttp2RequestHeaders[:path: /com.scm.resources.MessageHandler/connect, :authority: localhost:50051, :method: POST, :scheme: http, te: trailers, content-type: application/grpc, user-agent: grpc-java-netty/1.20.0, grpc-accept-encoding: gzip] streamDependency=0 weight=16 exclusive=false padding=0 endStream=false
25.10.2019 19:15:42 DEBUG grpc-default-worker-ELG-3-2 io.grpc.netty.NettyServerHandler - [id: 0x93f53d53, L:/127.0.0.1:50051 - R:/127.0.0.1:60369] INBOUND DATA: streamId=3 padding=0 endStream=true length=21 bytes=00000000100a0e6c6f63616c686f73743530303531
25.10.2019 19:15:42 DEBUG grpc-default-worker-ELG-3-2 io.grpc.netty.NettyServerHandler - [id: 0x93f53d53, L:/127.0.0.1:50051 - R:/127.0.0.1:60369] OUTBOUND HEADERS: streamId=3 headers=GrpcHttp2OutboundHeaders[:status: 200, content-type: application/grpc, grpc-encoding: identity, grpc-accept-encoding: gzip] streamDependency=0 weight=16 exclusive=false padding=0 endStream=false
25.10.2019 19:15:42 DEBUG grpc-default-worker-ELG-3-2 io.grpc.netty.NettyServerHandler - [id: 0x93f53d53, L:/127.0.0.1:50051 - R:/127.0.0.1:60369] OUTBOUND DATA: streamId=3 padding=0 endStream=false length=7 bytes=00000000020801
25.10.2019 19:15:42 DEBUG grpc-default-worker-ELG-3-2 io.grpc.netty.NettyServerHandler - [id: 0x93f53d53, L:/127.0.0.1:50051 - R:/127.0.0.1:60369] OUTBOUND HEADERS: streamId=3 headers=GrpcHttp2OutboundHeaders[grpc-status: 0] streamDependency=0 weight=16 exclusive=false padding=0 endStream=true
25.10.2019 19:15:42 DEBUG grpc-default-worker-ELG-1-2 io.grpc.netty.NettyClientHandler - [id: 0x163dfa1d, L:/127.0.0.1:60369 - R:localhost/127.0.0.1:50051] INBOUND HEADERS: streamId=3 headers=GrpcHttp2ResponseHeaders[:status: 200, content-type: application/grpc, grpc-encoding: identity, grpc-accept-encoding: gzip] streamDependency=0 weight=16 exclusive=false padding=0 endStream=false
25.10.2019 19:15:42 DEBUG grpc-default-worker-ELG-1-2 io.grpc.netty.NettyClientHandler - [id: 0x163dfa1d, L:/127.0.0.1:60369 - R:localhost/127.0.0.1:50051] INBOUND DATA: streamId=3 padding=0 endStream=false length=7 bytes=00000000020801
25.10.2019 19:15:42 DEBUG grpc-default-worker-ELG-1-2 io.grpc.netty.NettyClientHandler - [id: 0x163dfa1d, L:/127.0.0.1:60369 - R:localhost/127.0.0.1:50051] INBOUND HEADERS: streamId=3 headers=GrpcHttp2ResponseHeaders[grpc-status: 0] streamDependency=0 weight=16 exclusive=false padding=0 endStream=true
25.10.2019 19:15:42 DEBUG grpc-default-worker-ELG-1-2 io.grpc.netty.NettyClientHandler - [id: 0x163dfa1d, L:/127.0.0.1:60369 - R:localhost/127.0.0.1:50051] OUTBOUND HEADERS: streamId=5 headers=GrpcHttp2OutboundHeaders[:authority: localhost:50051, :path: /com.scm.resources.MessageHandler/getGroups, :method: POST, :scheme: http, content-type: application/grpc, te: trailers, user-agent: grpc-java-netty/1.20.0, grpc-accept-encoding: gzip] streamDependency=0 weight=16 exclusive=false padding=0 endStream=false
25.10.2019 19:15:42 DEBUG grpc-default-worker-ELG-1-2 io.grpc.netty.NettyClientHandler - [id: 0x163dfa1d, L:/127.0.0.1:60369 - R:localhost/127.0.0.1:50051] OUTBOUND DATA: streamId=5 padding=0 endStream=true length=16 bytes=000000000b0a0947657447726f757073
25.10.2019 19:15:42 DEBUG grpc-default-worker-ELG-3-2 io.grpc.netty.NettyServerHandler - [id: 0x93f53d53, L:/127.0.0.1:50051 - R:/127.0.0.1:60369] INBOUND HEADERS: streamId=5 headers=GrpcHttp2RequestHeaders[:path: /com.scm.resources.MessageHandler/getGroups, :authority: localhost:50051, :method: POST, :scheme: http, te: trailers, content-type: application/grpc, user-agent: grpc-java-netty/1.20.0, grpc-accept-encoding: gzip] streamDependency=0 weight=16 exclusive=false padding=0 endStream=false
25.10.2019 19:15:42 DEBUG grpc-default-worker-ELG-3-2 io.grpc.netty.NettyServerHandler - [id: 0x93f53d53, L:/127.0.0.1:50051 - R:/127.0.0.1:60369] INBOUND DATA: streamId=5 padding=0 endStream=true length=16 bytes=000000000b0a0947657447726f757073
25.10.2019 19:15:42 DEBUG grpc-default-worker-ELG-3-2 io.grpc.netty.NettyServerHandler - [id: 0x93f53d53, L:/127.0.0.1:50051 - R:/127.0.0.1:60369] OUTBOUND HEADERS: streamId=5 headers=GrpcHttp2OutboundHeaders[:status: 200, content-type: application/grpc, grpc-encoding: identity, grpc-accept-encoding: gzip] streamDependency=0 weight=16 exclusive=false padding=0 endStream=false
25.10.2019 19:15:42 DEBUG grpc-default-worker-ELG-3-2 io.grpc.netty.NettyServerHandler - [id: 0x93f53d53, L:/127.0.0.1:50051 - R:/127.0.0.1:60369] OUTBOUND DATA: streamId=5 padding=0 endStream=false length=214 bytes=00000000d10a0241420a094164764d616e4c61620a04434e43310a04434e43320a0d434e43325f32303139303732350a04434e43330a0d434e43335f32303139...
25.10.2019 19:15:42 DEBUG grpc-default-worker-ELG-3-2 io.grpc.netty.NettyServerHandler - [id: 0x93f53d53, L:/127.0.0.1:50051 - R:/127.0.0.1:60369] OUTBOUND HEADERS: streamId=5 headers=GrpcHttp2OutboundHeaders[grpc-status: 0] streamDependency=0 weight=16 exclusive=false padding=0 endStream=true
25.10.2019 19:15:42 DEBUG grpc-default-worker-ELG-1-2 io.grpc.netty.NettyClientHandler - [id: 0x163dfa1d, L:/127.0.0.1:60369 - R:localhost/127.0.0.1:50051] INBOUND HEADERS: streamId=5 headers=GrpcHttp2ResponseHeaders[:status: 200, content-type: application/grpc, grpc-encoding: identity, grpc-accept-encoding: gzip] streamDependency=0 weight=16 exclusive=false padding=0 endStream=false
25.10.2019 19:15:42 DEBUG grpc-default-worker-ELG-1-2 io.grpc.netty.NettyClientHandler - [id: 0x163dfa1d, L:/127.0.0.1:60369 - R:localhost/127.0.0.1:50051] INBOUND DATA: streamId=5 padding=0 endStream=false length=214 bytes=00000000d10a0241420a094164764d616e4c61620a04434e43310a04434e43320a0d434e43325f32303139303732350a04434e43330a0d434e43335f32303139...
25.10.2019 19:15:42 DEBUG grpc-default-worker-ELG-1-2 io.grpc.netty.NettyClientHandler - [id: 0x163dfa1d, L:/127.0.0.1:60369 - R:localhost/127.0.0.1:50051] INBOUND HEADERS: streamId=5 headers=GrpcHttp2ResponseHeaders[grpc-status: 0] streamDependency=0 weight=16 exclusive=false padding=0 endStream=true
25.10.2019 19:15:42 DEBUG grpc-default-worker-ELG-3-2 io.grpc.netty.NettyServerHandler - [id: 0x93f53d53, L:/127.0.0.1:50051 - R:/127.0.0.1:60369] OUTBOUND GO_AWAY: lastStreamId=5 errorCode=2 length=61 bytes=416e206578697374696e6720636f6e6e656374696f6e2077617320666f726369626c7920636c6f736564206279207468652072656d6f746520686f7374
25.10.2019 19:15:42 DEBUG grpc-default-worker-ELG-3-2 io.netty.handler.codec.http2.Http2ConnectionHandler - [id: 0x93f53d53, L:/127.0.0.1:50051 ! R:/127.0.0.1:60369] Sending GOAWAY failed: lastStreamId '5', errorCode '2', debugData 'An existing connection was forcibly closed by the remote host'. Forcing shutdown of the connection.
java.io.IOException: An existing connection was forcibly closed by the remote host
	at sun.nio.ch.SocketDispatcher.writev0(Native Method)
	at sun.nio.ch.SocketDispatcher.writev(SocketDispatcher.java:55)
	at sun.nio.ch.IOUtil.write(IOUtil.java:148)
	at sun.nio.ch.SocketChannelImpl.write(SocketChannelImpl.java:504)
	at io.netty.channel.socket.nio.NioSocketChannel.doWrite(NioSocketChannel.java:420)
	at io.netty.channel.AbstractChannel$AbstractUnsafe.flush0(AbstractChannel.java:939)
	at io.netty.channel.nio.AbstractNioChannel$AbstractNioUnsafe.flush0(AbstractNioChannel.java:360)
	at io.netty.channel.AbstractChannel$AbstractUnsafe.flush(AbstractChannel.java:906)
	at io.netty.channel.DefaultChannelPipeline$HeadContext.flush(DefaultChannelPipeline.java:1370)
	at io.netty.channel.AbstractChannelHandlerContext.invokeFlush0(AbstractChannelHandlerContext.java:739)
	at io.netty.channel.AbstractChannelHandlerContext.invokeFlush(AbstractChannelHandlerContext.java:731)
	at io.netty.channel.AbstractChannelHandlerContext.flush(AbstractChannelHandlerContext.java:717)
	at io.netty.handler.codec.http2.Http2ConnectionHandler.onError(Http2ConnectionHandler.java:629)
	at io.grpc.netty.AbstractNettyHandler.exceptionCaught(AbstractNettyHandler.java:81)
	at io.netty.channel.AbstractChannelHandlerContext.invokeExceptionCaught(AbstractChannelHandlerContext.java:282)
	at io.netty.channel.AbstractChannelHandlerContext.invokeExceptionCaught(AbstractChannelHandlerContext.java:261)
	at io.netty.channel.AbstractChannelHandlerContext.fireExceptionCaught(AbstractChannelHandlerContext.java:253)
	at io.netty.channel.DefaultChannelPipeline$HeadContext.exceptionCaught(DefaultChannelPipeline.java:1375)
	at io.netty.channel.AbstractChannelHandlerContext.invokeExceptionCaught(AbstractChannelHandlerContext.java:282)
	at io.netty.channel.AbstractChannelHandlerContext.invokeExceptionCaught(AbstractChannelHandlerContext.java:261)
	at io.netty.channel.DefaultChannelPipeline.fireExceptionCaught(DefaultChannelPipeline.java:918)
	at io.netty.channel.nio.AbstractNioByteChannel$NioByteUnsafe.handleReadException(AbstractNioByteChannel.java:125)
	at io.netty.channel.nio.AbstractNioByteChannel$NioByteUnsafe.read(AbstractNioByteChannel.java:174)
	at io.netty.channel.nio.NioEventLoop.processSelectedKey(NioEventLoop.java:677)
	at io.netty.channel.nio.NioEventLoop.processSelectedKeysOptimized(NioEventLoop.java:612)
	at io.netty.channel.nio.NioEventLoop.processSelectedKeys(NioEventLoop.java:529)
	at io.netty.channel.nio.NioEventLoop.run(NioEventLoop.java:491)
	at io.netty.util.concurrent.SingleThreadEventExecutor$5.run(SingleThreadEventExecutor.java:905)
	at io.netty.util.concurrent.FastThreadLocalRunnable.run(FastThreadLocalRunnable.java:30)
	at java.lang.Thread.run(Thread.java:745)
